
[ ‚Äâ‚Äâ‚ÄÖ‚ÄÖUTC‚ÄÖ‚ÄÖ‚Äâ‚Äâ ] Logs for smarketer-pro-f2rvatjf2mpdzbu3lpfd7q.streamlit.app/
‚îÄ‚îÄ‚îÄ‚îÄ‚îÄ‚îÄ‚îÄ‚îÄ‚îÄ‚îÄ‚îÄ‚îÄ‚îÄ‚îÄ‚îÄ‚îÄ‚îÄ‚îÄ‚îÄ‚îÄ‚îÄ‚îÄ‚îÄ‚îÄ‚îÄ‚îÄ‚îÄ‚îÄ‚îÄ‚îÄ‚îÄ‚îÄ‚îÄ‚îÄ‚îÄ‚îÄ‚îÄ‚îÄ‚îÄ‚îÄ‚îÄ‚îÄ‚îÄ‚îÄ‚îÄ‚îÄ‚îÄ‚îÄ‚îÄ‚îÄ‚îÄ‚îÄ‚îÄ‚îÄ‚îÄ‚îÄ‚îÄ‚îÄ‚îÄ‚îÄ‚îÄ‚îÄ‚îÄ‚îÄ‚îÄ‚îÄ‚îÄ‚îÄ‚îÄ‚îÄ‚îÄ‚îÄ‚îÄ‚îÄ‚îÄ‚îÄ‚îÄ‚îÄ‚îÄ‚îÄ‚îÄ‚îÄ‚îÄ‚îÄ‚îÄ‚îÄ‚îÄ‚îÄ
[21:52:52] üöÄ Starting up repository: 'smarketer-pro', branch: 'main', main module: 'b2b_outreach_tool/src/app.py'
[21:52:52] üêô Cloning repository...
[21:53:15] üêô Cloning into '/mount/src/smarketer-pro'...
Updating files:  23% (1712/7273)Updating files:  24% (1746/7273)Updating files:  25% (1819/7273)Updating files:  26% (1891/7273)Updating files:  27% (1964/7273)Updating files:  28% (2037/7273)Updating files:  29% (2110/7273)Updating files:  30% (2182/7273)Updating files:  31% (2255/7273)Updating files:  32% (2328/7273)Updating files:  33% (2401/7273)Updating files:  34% (2473/7273)Updating files:  35% (2546/7273)Updating files:  36% (2619/7273)Updating files:  37% (2692/7273)Updating files:  38% (2764/7273)Updating files:  39% (2837/7273)Updating files:  40% (2910/7273)Updating files:  41% (2982/7273)Updating files:  42% (3055/7273)Updating files:  43% (3128/7273)Updating files:  44% (3201/7273)Updating files:  45% (3273/7273)Updating files:  46% (3346/7273)Updating files:  47% (3419/7273)Updating files:  47% (3422/7273)Updating files:  48% (3492/7273)Updating files:  49% (3564/7273)Updating files:  50% (3637/7273)Updating files:  51% (3710/7273)Updating files:  52% (3782/7273)Updating files:  53% (3855/7273)Updating files:  54% (3928/7273)Updating files:  55% (4001/7273)Updating files:  56% (4073/7273)Updating files:  57% (4146/7273)Updating files:  58% (4219/7273)Updating files:  59% (4292/7273)Updating files:  60% (4364/7273)Updating files:  61% (4437/7273)Updating files:  62% (4510/7273)Updating files:  63% (4582/7273)Updating files:  64% (4655/7273)Updating files:  65% (4728/7273)Updating files:  66% (4801/7273)Updating files:  67% (4873/7273)Updating files:  68% (4946/7273)Updating files:  69% (5019/7273)Updating files:  70% (5092/7273)Updating files:  71% (5164/7273)Updating files:  72% (5237/7273)Updating files:  73% (5310/7273)Updating files:  74% (5383/7273)Updating files:  75% (5455/7273)Updating files:  76% (5528/7273)Updating files:  77% (5601/7273)Updating files:  78% (5673/7273)Updating files:  79% (5746/7273)Updating files:  80% (5819/7273)Updating files:  81% (5892/7273)Updating files:  82% (5964/7273)Updating files:  83% (6037/7273)Updating files:  84% (6110/7273)Updating files:  85% (6183/7273)Updating files:  86% (6255/7273)Updating files:  87% (6328/7273)Updating files:  88% (6401/7273)Updating files:  89% (6473/7273)Updating files:  90% (6546/7273)Updating files:  91% (6619/7273)Updating files:  92% (6692/7273)Updating files:  93% (6764/7273)Updating files:  94% (6837/7273)Updating files:  95% (6910/7273)Updating files:  96% (6983/7273)Updating files:  97% (7055/7273)Updating files:  98% (7128/7273)Updating files:  98% (7138/7273)Updating files:  99% (7201/7273)Updating files: 100% (7273/7273)Updating files: 100% (7273/7273), done.

[21:53:15] üêô Cloned repository!
[21:53:15] üêô Pulling code changes from Github...
[21:53:21] üì¶ Processing dependencies...
Check if streamlit is installed
cat: /mount/admin/install_path: No such file or directory

‚îÄ‚îÄ‚îÄ‚îÄ‚îÄ‚îÄ‚îÄ‚îÄ‚îÄ‚îÄ‚îÄ‚îÄ‚îÄ‚îÄ‚îÄ‚îÄ‚îÄ‚îÄ‚îÄ‚îÄ‚îÄ‚îÄ‚îÄ‚îÄ‚îÄ‚îÄ‚îÄ‚îÄ‚îÄ‚îÄ‚îÄ‚îÄ Installing Streamlit ‚îÄ‚îÄ‚îÄ‚îÄ‚îÄ‚îÄ‚îÄ‚îÄ‚îÄ‚îÄ‚îÄ‚îÄ‚îÄ‚îÄ‚îÄ‚îÄ‚îÄ‚îÄ‚îÄ‚îÄ‚îÄ‚îÄ‚îÄ‚îÄ‚îÄ‚îÄ‚îÄ‚îÄ‚îÄ‚îÄ‚îÄ‚îÄ‚îÄ‚îÄ

Using uv pip install.
Using Python 3.13.11 environment at /home/adminuser/venv
Resolved 37 packages in 392ms
Prepared 37 packages in 1.50s
Installed 37 packages in 91ms
 [2026-01-09 21:53:23.282073] + altair==6.0.0
 + attrs==25.4.0
 + blinker==1.9.0
 + cachetools==6.2.4
 + certifi==2026.1.4
 + charset-normalizer==3.4.4
 + click==8.3.1
 + gitdb==4.0.12
 + gitpython==3.1.46
 + idna==3.11
 + jinja2==3.1.6
 + jsonschema==4.26.0
 + jsonschema-specifications==2025.9.1
 + markupsafe==3.0.3[2026-01-09 21:53:23.282438] 
 + narwhals==2.15.0
 + numpy==2.4.0
 + packaging==25.0
 + pandas==2.3.3
 + pillow==12.1.0
 + protobuf==6.33.2
 + pyarrow==22.0.0
 + pydeck==0.9.1
 + python-dateutil==2.9.0.post0
 + pytz==2025.2[2026-01-09 21:53:23.282773] 
 + referencing==0.37.0
 + requests==2.32.5
 + rpds-py==0.30.0
 + six==1.17.0
 + smmap==5.0.2
 + streamlit==1.52.2
 + tenacity==9.1.2
 + toml==0.10.2
 + tornado[2026-01-09 21:53:23.282957] ==6.5.4
 + typing-extensions==4.15.0
 + tzdata==2025.3
 + urllib3==2.6.3
 + watchdog==6.0.0

‚îÄ‚îÄ‚îÄ‚îÄ‚îÄ‚îÄ‚îÄ‚îÄ‚îÄ‚îÄ‚îÄ‚îÄ‚îÄ‚îÄ‚îÄ‚îÄ‚îÄ‚îÄ‚îÄ‚îÄ‚îÄ‚îÄ‚îÄ‚îÄ‚îÄ‚îÄ‚îÄ‚îÄ‚îÄ‚îÄ‚îÄ‚îÄ‚îÄ‚îÄ‚îÄ‚îÄ‚îÄ‚îÄ‚îÄ‚îÄ‚îÄ‚îÄ‚îÄ‚îÄ‚îÄ‚îÄ‚îÄ‚îÄ‚îÄ‚îÄ‚îÄ‚îÄ‚îÄ‚îÄ‚îÄ‚îÄ‚îÄ‚îÄ‚îÄ‚îÄ‚îÄ‚îÄ‚îÄ‚îÄ‚îÄ‚îÄ‚îÄ‚îÄ‚îÄ‚îÄ‚îÄ‚îÄ‚îÄ‚îÄ‚îÄ‚îÄ‚îÄ‚îÄ‚îÄ‚îÄ‚îÄ‚îÄ‚îÄ‚îÄ‚îÄ‚îÄ‚îÄ‚îÄ

[21:53:23] üì¶ Processed dependencies!
cat: /mount/admin/install_path: No such file or directory



2026-01-09 21:53:37.370 Uncaught app execution
Traceback (most recent call last):
  File "/home/adminuser/venv/lib/python3.13/site-packages/streamlit/runtime/scriptrunner/exec_code.py", line 129, in exec_func_with_error_handling
    result = func()
  File "/home/adminuser/venv/lib/python3.13/site-packages/streamlit/runtime/scriptrunner/script_runner.py", line 671, in code_to_exec
    exec(code, module.__dict__)  # noqa: S102
    ~~~~^^^^^^^^^^^^^^^^^^^^^^^
  File "/mount/src/smarketer-pro/b2b_outreach_tool/src/app.py", line 11, in <module>
    from dotenv import load_dotenv
ModuleNotFoundError: No module named 'dotenv'
2026-01-09 21:57:57.229 Uncaught app execution
Traceback (most recent call last):
  File "/home/adminuser/venv/lib/python3.13/site-packages/streamlit/runtime/scriptrunner/exec_code.py", line 129, in exec_func_with_error_handling
    result = func()
  File "/home/adminuser/venv/lib/python3.13/site-packages/streamlit/runtime/scriptrunner/script_runner.py", line 671, in code_to_exec
    exec(code, module.__dict__)  # noqa: S102
    ~~~~^^^^^^^^^^^^^^^^^^^^^^^
  File "/mount/src/smarketer-pro/b2b_outreach_tool/src/app.py", line 11, in <module>
    from dotenv import load_dotenv
ModuleNotFoundError: No module named 'dotenv'
[21:57:57] ‚ùóÔ∏è 
2026-01-09 21:57:57.442 503 GET /script-health-check (127.0.0.1) 214.96ms
2026-01-09 21:58:02.289 Uncaught app execution
Traceback (most recent call last):
  File "/home/adminuser/venv/lib/python3.13/site-packages/streamlit/runtime/scriptrunner/exec_code.py", line 129, in exec_func_with_error_handling
    result = func()
  File "/home/adminuser/venv/lib/python3.13/site-packages/streamlit/runtime/scriptrunner/script_runner.py", line 671, in code_to_exec
    exec(code, module.__dict__)  # noqa: S102
    ~~~~^^^^^^^^^^^^^^^^^^^^^^^
  File "/mount/src/smarketer-pro/b2b_outreach_tool/src/app.py", line 11, in <module>
    from dotenv import load_dotenv
ModuleNotFoundError: No module named 'dotenv'
2026-01-09 21:58:02.517 503 GET /script-health-check (127.0.0.1) 230.14ms
2026-01-09 21:58:07.217 Uncaught app execution
Traceback (most recent call last):
  File "/home/adminuser/venv/lib/python3.13/site-packages/streamlit/runtime/scriptrunner/exec_code.py", line 129, in exec_func_with_error_handling
    result = func()
  File "/home/adminuser/venv/lib/python3.13/site-packages/streamlit/runtime/scriptrunner/script_runner.py", line 671, in code_to_exec
    exec(code, module.__dict__)  # noqa: S102
    ~~~~^^^^^^^^^^^^^^^^^^^^^^^
  File "/mount/src/smarketer-pro/b2b_outreach_tool/src/app.py", line 11, in <module>
    from dotenv import load_dotenv
ModuleNotFoundError: No module named 'dotenv'
2026-01-09 21:58:07.428 503 GET /script-health-check (127.0.0.1) 213.81ms
2026-01-09 21:58:12.218 Uncaught app execution
Traceback (most recent call last):
  File "/home/adminuser/venv/lib/python3.13/site-packages/streamlit/runtime/scriptrunner/exec_code.py", line 129, in exec_func_with_error_handling
    result = func()
  File "/home/adminuser/venv/lib/python3.13/site-packages/streamlit/runtime/scriptrunner/script_runner.py", line 671, in code_to_exec
    exec(code, module.__dict__)  # noqa: S102
    ~~~~^^^^^^^^^^^^^^^^^^^^^^^
  File "/mount/src/smarketer-pro/b2b_outreach_tool/src/app.py", line 11, in <module>
    from dotenv import load_dotenv
ModuleNotFoundError: No module named 'dotenv'
2026-01-09 21:58:12.422 503 GET /script-health-check (127.0.0.1) 205.76ms
2026-01-09 21:58:17.271 Uncaught app execution
Traceback (most recent call last):
  File "/home/adminuser/venv/lib/python3.13/site-packages/streamlit/runtime/scriptrunner/exec_code.py", line 129, in exec_func_with_error_handling
    result = func()
  File "/home/adminuser/venv/lib/python3.13/site-packages/streamlit/runtime/scriptrunner/script_runner.py", line 671, in code_to_exec
    exec(code, module.__dict__)  # noqa: S102
    ~~~~^^^^^^^^^^^^^^^^^^^^^^^
  File "/mount/src/smarketer-pro/b2b_outreach_tool/src/app.py", line 11, in <module>
    from dotenv import load_dotenv
ModuleNotFoundError: No module named 'dotenv'
2026-01-09 21:58:17.481 503 GET /script-health-check (127.0.0.1) 212.61ms
2026-01-09 21:58:22.221 Uncaught app execution
Traceback (most recent call last):
  File "/home/adminuser/venv/lib/python3.13/site-packages/streamlit/runtime/scriptrunner/exec_code.py", line 129, in exec_func_with_error_handling
    result = func()
  File "/home/adminuser/venv/lib/python3.13/site-packages/streamlit/runtime/scriptrunner/script_runner.py", line 671, in code_to_exec
    exec(code, module.__dict__)  # noqa: S102
    ~~~~^^^^^^^^^^^^^^^^^^^^^^^
  File "/mount/src/smarketer-pro/b2b_outreach_tool/src/app.py", line 11, in <module>
    from dotenv import load_dotenv
ModuleNotFoundError: No module named 'dotenv'
2026-01-09 21:58:22.431 503 GET /script-health-check (127.0.0.1) 212.12ms
2026-01-09 21:58:27.227 Uncaught app execution
Traceback (most recent call last):
  File "/home/adminuser/venv/lib/python3.13/site-packages/streamlit/runtime/scriptrunner/exec_code.py", line 129, in exec_func_with_error_handling
    result = func()
  File "/home/adminuser/venv/lib/python3.13/site-packages/streamlit/runtime/scriptrunner/script_runner.py", line 671, in code_to_exec
    exec(code, module.__dict__)  # noqa: S102
    ~~~~^^^^^^^^^^^^^^^^^^^^^^^
  File "/mount/src/smarketer-pro/b2b_outreach_tool/src/app.py", line 11, in <module>
    from dotenv import load_dotenv
ModuleNotFoundError: No module named 'dotenv'
2026-01-09 21:58:27.441 503 GET /script-health-check (127.0.0.1) 216.39ms
2026-01-09 21:58:32.221 Uncaught app execution
Traceback (most recent call last):
  File "/home/adminuser/venv/lib/python3.13/site-packages/streamlit/runtime/scriptrunner/exec_code.py", line 129, in exec_func_with_error_handling
    result = func()
  File "/home/adminuser/venv/lib/python3.13/site-packages/streamlit/runtime/scriptrunner/script_runner.py", line 671, in code_to_exec
    exec(code, module.__dict__)  # noqa: S102
    ~~~~^^^^^^^^^^^^^^^^^^^^^^^
  File "/mount/src/smarketer-pro/b2b_outreach_tool/src/app.py", line 11, in <module>
    from dotenv import load_dotenv
ModuleNotFoundError: No module named 'dotenv'
2026-01-09 21:58:32.428 503 GET /script-health-check (127.0.0.1) 209.13ms
2026-01-09 21:58:37.218 Uncaught app execution
Traceback (most recent call last):
  File "/home/adminuser/venv/lib/python3.13/site-packages/streamlit/runtime/scriptrunner/exec_code.py", line 129, in exec_func_with_error_handling
    result = func()
  File "/home/adminuser/venv/lib/python3.13/site-packages/streamlit/runtime/scriptrunner/script_runner.py", line 671, in code_to_exec
    exec(code, module.__dict__)  # noqa: S102
    ~~~~^^^^^^^^^^^^^^^^^^^^^^^
  File "/mount/src/smarketer-pro/b2b_outreach_tool/src/app.py", line 11, in <module>
    from dotenv import load_dotenv
ModuleNotFoundError: No module named 'dotenv'
2026-01-09 21:58:37.427 503 GET /script-health-check (127.0.0.1) 210.81ms
2026-01-09 21:58:42.220 Uncaught app execution
Traceback (most recent call last):
  File "/home/adminuser/venv/lib/python3.13/site-packages/streamlit/runtime/scriptrunner/exec_code.py", line 129, in exec_func_with_error_handling
    result = func()
  File "/home/adminuser/venv/lib/python3.13/site-packages/streamlit/runtime/scriptrunner/script_runner.py", line 671, in code_to_exec
    exec(code, module.__dict__)  # noqa: S102
    ~~~~^^^^^^^^^^^^^^^^^^^^^^^
  File "/mount/src/smarketer-pro/b2b_outreach_tool/src/app.py", line 11, in <module>
    from dotenv import load_dotenv
ModuleNotFoundError: No module named 'dotenv'
2026-01-09 21:58:42.423 503 GET /script-health-check (127.0.0.1) 205.15ms
2026-01-09 21:58:47.225 Uncaught app execution
Traceback (most recent call last):
  File "/home/adminuser/venv/lib/python3.13/site-packages/streamlit/runtime/scriptrunner/exec_code.py", line 129, in exec_func_with_error_handling
    result = func()
  File "/home/adminuser/venv/lib/python3.13/site-packages/streamlit/runtime/scriptrunner/script_runner.py", line 671, in code_to_exec
    exec(code, module.__dict__)  # noqa: S102
    ~~~~^^^^^^^^^^^^^^^^^^^^^^^
  File "/mount/src/smarketer-pro/b2b_outreach_tool/src/app.py", line 11, in <module>
    from dotenv import load_dotenv
ModuleNotFoundError: No module named 'dotenv'
2026-01-09 21:58:47.452 503 GET /script-health-check (127.0.0.1) 229.74ms
2026-01-09 21:58:52.221 Uncaught app execution
Traceback (most recent call last):
  File "/home/adminuser/venv/lib/python3.13/site-packages/streamlit/runtime/scriptrunner/exec_code.py", line 129, in exec_func_with_error_handling
    result = func()
  File "/home/adminuser/venv/lib/python3.13/site-packages/streamlit/runtime/scriptrunner/script_runner.py", line 671, in code_to_exec
    exec(code, module.__dict__)  # noqa: S102
    ~~~~^^^^^^^^^^^^^^^^^^^^^^^
  File "/mount/src/smarketer-pro/b2b_outreach_tool/src/app.py", line 11, in <module>
    from dotenv import load_dotenv
ModuleNotFoundError: No module named 'dotenv'
2026-01-09 21:58:52.474 503 GET /script-health-check (127.0.0.1) 254.96ms
2026-01-09 21:58:57.220 Uncaught app execution
Traceback (most recent call last):
  File "/home/adminuser/venv/lib/python3.13/site-packages/streamlit/runtime/scriptrunner/exec_code.py", line 129, in exec_func_with_error_handling
    result = func()
  File "/home/adminuser/venv/lib/python3.13/site-packages/streamlit/runtime/scriptrunner/script_runner.py", line 671, in code_to_exec
    exec(code, module.__dict__)  # noqa: S102
    ~~~~^^^^^^^^^^^^^^^^^^^^^^^
  File "/mount/src/smarketer-pro/b2b_outreach_tool/src/app.py", line 11, in <module>
    from dotenv import load_dotenv
ModuleNotFoundError: No module named 'dotenv'
2026-01-09 21:58:57.431 503 GET /script-health-check (127.0.0.1) 212.63ms
2026-01-09 21:59:02.223 Uncaught app execution
Traceback (most recent call last):
  File "/home/adminuser/venv/lib/python3.13/site-packages/streamlit/runtime/scriptrunner/exec_code.py", line 129, in exec_func_with_error_handling
    result = func()
  File "/home/adminuser/venv/lib/python3.13/site-packages/streamlit/runtime/scriptrunner/script_runner.py", line 671, in code_to_exec
    exec(code, module.__dict__)  # noqa: S102
    ~~~~^^^^^^^^^^^^^^^^^^^^^^^
  File "/mount/src/smarketer-pro/b2b_outreach_tool/src/app.py", line 11, in <module>
    from dotenv import load_dotenv
ModuleNotFoundError: No module named 'dotenv'
2026-01-09 21:59:02.433 503 GET /script-health-check (127.0.0.1) 212.16ms
2026-01-09 21:59:07.218 Uncaught app execution
Traceback (most recent call last):
  File "/home/adminuser/venv/lib/python3.13/site-packages/streamlit/runtime/scriptrunner/exec_code.py", line 129, in exec_func_with_error_handling
    result = func()
  File "/home/adminuser/venv/lib/python3.13/site-packages/streamlit/runtime/scriptrunner/script_runner.py", line 671, in code_to_exec
    exec(code, module.__dict__)  # noqa: S102
    ~~~~^^^^^^^^^^^^^^^^^^^^^^^
  File "/mount/src/smarketer-pro/b2b_outreach_tool/src/app.py", line 11, in <module>
    from dotenv import load_dotenv
ModuleNotFoundError: No module named 'dotenv'
2026-01-09 21:59:07.428 503 GET /script-health-check (127.0.0.1) 212.12ms
2026-01-09 21:59:12.215 Uncaught app execution
Traceback (most recent call last):
  File "/home/adminuser/venv/lib/python3.13/site-packages/streamlit/runtime/scriptrunner/exec_code.py", line 129, in exec_func_with_error_handling
    result = func()
  File "/home/adminuser/venv/lib/python3.13/site-packages/streamlit/runtime/scriptrunner/script_runner.py", line 671, in code_to_exec
    exec(code, module.__dict__)  # noqa: S102
    ~~~~^^^^^^^^^^^^^^^^^^^^^^^
  File "/mount/src/smarketer-pro/b2b_outreach_tool/src/app.py", line 11, in <module>
    from dotenv import load_dotenv
ModuleNotFoundError: No module named 'dotenv'
2026-01-09 21:59:12.420 503 GET /script-health-check (127.0.0.1) 206.39ms
2026-01-09 21:59:17.224 Uncaught app execution
Traceback (most recent call last):
  File "/home/adminuser/venv/lib/python3.13/site-packages/streamlit/runtime/scriptrunner/exec_code.py", line 129, in exec_func_with_error_handling
    result = func()
  File "/home/adminuser/venv/lib/python3.13/site-packages/streamlit/runtime/scriptrunner/script_runner.py", line 671, in code_to_exec
    exec(code, module.__dict__)  # noqa: S102
    ~~~~^^^^^^^^^^^^^^^^^^^^^^^
  File "/mount/src/smarketer-pro/b2b_outreach_tool/src/app.py", line 11, in <module>
    from dotenv import load_dotenv
ModuleNotFoundError: No module named 'dotenv'
2026-01-09 21:59:17.424 503 GET /script-health-check (127.0.0.1) 202.52ms
2026-01-09 21:59:22.221 Uncaught app execution
Traceback (most recent call last):
  File "/home/adminuser/venv/lib/python3.13/site-packages/streamlit/runtime/scriptrunner/exec_code.py", line 129, in exec_func_with_error_handling
    result = func()
  File "/home/adminuser/venv/lib/python3.13/site-packages/streamlit/runtime/scriptrunner/script_runner.py", line 671, in code_to_exec
    exec(code, module.__dict__)  # noqa: S102
    ~~~~^^^^^^^^^^^^^^^^^^^^^^^
  File "/mount/src/smarketer-pro/b2b_outreach_tool/src/app.py", line 11, in <module>
    from dotenv import load_dotenv
ModuleNotFoundError: No module named 'dotenv'
2026-01-09 21:59:22.420 503 GET /script-health-check (127.0.0.1) 201.35ms
2026-01-09 21:59:27.220 Uncaught app execution
Traceback (most recent call last):
  File "/home/adminuser/venv/lib/python3.13/site-packages/streamlit/runtime/scriptrunner/exec_code.py", line 129, in exec_func_with_error_handling
    result = func()
  File "/home/adminuser/venv/lib/python3.13/site-packages/streamlit/runtime/scriptrunner/script_runner.py", line 671, in code_to_exec
    exec(code, module.__dict__)  # noqa: S102
    ~~~~^^^^^^^^^^^^^^^^^^^^^^^
  File "/mount/src/smarketer-pro/b2b_outreach_tool/src/app.py", line 11, in <module>
    from dotenv import load_dotenv
ModuleNotFoundError: No module named 'dotenv'
2026-01-09 21:59:27.421 503 GET /script-health-check (127.0.0.1) 203.41ms
2026-01-09 21:59:32.215 Uncaught app execution
Traceback (most recent call last):
  File "/home/adminuser/venv/lib/python3.13/site-packages/streamlit/runtime/scriptrunner/exec_code.py", line 129, in exec_func_with_error_handling
    result = func()
  File "/home/adminuser/venv/lib/python3.13/site-packages/streamlit/runtime/scriptrunner/script_runner.py", line 671, in code_to_exec
    exec(code, module.__dict__)  # noqa: S102
    ~~~~^^^^^^^^^^^^^^^^^^^^^^^
  File "/mount/src/smarketer-pro/b2b_outreach_tool/src/app.py", line 11, in <module>
    from dotenv import load_dotenv
ModuleNotFoundError: No module named 'dotenv'
2026-01-09 21:59:32.410 503 GET /script-health-check (127.0.0.1) 196.94ms
2026-01-09 21:59:37.217 Uncaught app execution
Traceback (most recent call last):
  File "/home/adminuser/venv/lib/python3.13/site-packages/streamlit/runtime/scriptrunner/exec_code.py", line 129, in exec_func_with_error_handling
    result = func()
  File "/home/adminuser/venv/lib/python3.13/site-packages/streamlit/runtime/scriptrunner/script_runner.py", line 671, in code_to_exec
    exec(code, module.__dict__)  # noqa: S102
    ~~~~^^^^^^^^^^^^^^^^^^^^^^^
  File "/mount/src/smarketer-pro/b2b_outreach_tool/src/app.py", line 11, in <module>
    from dotenv import load_dotenv
ModuleNotFoundError: No module named 'dotenv'
2026-01-09 21:59:37.416 503 GET /script-health-check (127.0.0.1) 201.07ms
2026-01-09 21:59:42.223 Uncaught app execution
Traceback (most recent call last):
  File "/home/adminuser/venv/lib/python3.13/site-packages/streamlit/runtime/scriptrunner/exec_code.py", line 129, in exec_func_with_error_handling
    result = func()
  File "/home/adminuser/venv/lib/python3.13/site-packages/streamlit/runtime/scriptrunner/script_runner.py", line 671, in code_to_exec
    exec(code, module.__dict__)  # noqa: S102
    ~~~~^^^^^^^^^^^^^^^^^^^^^^^
  File "/mount/src/smarketer-pro/b2b_outreach_tool/src/app.py", line 11, in <module>
    from dotenv import load_dotenv
ModuleNotFoundError: No module named 'dotenv'
2026-01-09 21:59:42.446 503 GET /script-health-check (127.0.0.1) 225.76ms
2026-01-09 21:59:47.225 Uncaught app execution
Traceback (most recent call last):
  File "/home/adminuser/venv/lib/python3.13/site-packages/streamlit/runtime/scriptrunner/exec_code.py", line 129, in exec_func_with_error_handling
    result = func()
  File "/home/adminuser/venv/lib/python3.13/site-packages/streamlit/runtime/scriptrunner/script_runner.py", line 671, in code_to_exec
    exec(code, module.__dict__)  # noqa: S102
    ~~~~^^^^^^^^^^^^^^^^^^^^^^^
  File "/mount/src/smarketer-pro/b2b_outreach_tool/src/app.py", line 11, in <module>
    from dotenv import load_dotenv
ModuleNotFoundError: No module named 'dotenv'
2026-01-09 21:59:47.431 503 GET /script-health-check (127.0.0.1) 208.07ms
2026-01-09 21:59:52.218 Uncaught app execution
Traceback (most recent call last):
  File "/home/adminuser/venv/lib/python3.13/site-packages/streamlit/runtime/scriptrunner/exec_code.py", line 129, in exec_func_with_error_handling
    result = func()
  File "/home/adminuser/venv/lib/python3.13/site-packages/streamlit/runtime/scriptrunner/script_runner.py", line 671, in code_to_exec
    exec(code, module.__dict__)  # noqa: S102
    ~~~~^^^^^^^^^^^^^^^^^^^^^^^
  File "/mount/src/smarketer-pro/b2b_outreach_tool/src/app.py", line 11, in <module>
    from dotenv import load_dotenv
ModuleNotFoundError: No module named 'dotenv'
2026-01-09 21:59:52.466 503 GET /script-health-check (127.0.0.1) 250.64ms
2026-01-09 21:59:57.222 Uncaught app execution
Traceback (most recent call last):
  File "/home/adminuser/venv/lib/python3.13/site-packages/streamlit/runtime/scriptrunner/exec_code.py", line 129, in exec_func_with_error_handling
    result = func()
  File "/home/adminuser/venv/lib/python3.13/site-packages/streamlit/runtime/scriptrunner/script_runner.py", line 671, in code_to_exec
    exec(code, module.__dict__)  # noqa: S102
    ~~~~^^^^^^^^^^^^^^^^^^^^^^^
  File "/mount/src/smarketer-pro/b2b_outreach_tool/src/app.py", line 11, in <module>
    from dotenv import load_dotenv
ModuleNotFoundError: No module named 'dotenv'
2026-01-09 21:59:57.462 503 GET /script-health-check (127.0.0.1) 242.69ms
2026-01-09 22:00:02.221 Uncaught app execution
Traceback (most recent call last):
  File "/home/adminuser/venv/lib/python3.13/site-packages/streamlit/runtime/scriptrunner/exec_code.py", line 129, in exec_func_with_error_handling
    result = func()
  File "/home/adminuser/venv/lib/python3.13/site-packages/streamlit/runtime/scriptrunner/script_runner.py", line 671, in code_to_exec
    exec(code, module.__dict__)  # noqa: S102
    ~~~~^^^^^^^^^^^^^^^^^^^^^^^
  File "/mount/src/smarketer-pro/b2b_outreach_tool/src/app.py", line 11, in <module>
    from dotenv import load_dotenv
ModuleNotFoundError: No module named 'dotenv'
2026-01-09 22:00:02.431 503 GET /script-health-check (127.0.0.1) 212.08ms
2026-01-09 22:00:07.223 Uncaught app execution
Traceback (most recent call last):
  File "/home/adminuser/venv/lib/python3.13/site-packages/streamlit/runtime/scriptrunner/exec_code.py", line 129, in exec_func_with_error_handling
    result = func()
  File "/home/adminuser/venv/lib/python3.13/site-packages/streamlit/runtime/scriptrunner/script_runner.py", line 671, in code_to_exec
    exec(code, module.__dict__)  # noqa: S102
    ~~~~^^^^^^^^^^^^^^^^^^^^^^^
  File "/mount/src/smarketer-pro/b2b_outreach_tool/src/app.py", line 11, in <module>
    from dotenv import load_dotenv
ModuleNotFoundError: No module named 'dotenv'
2026-01-09 22:00:07.423 503 GET /script-health-check (127.0.0.1) 202.78ms
2026-01-09 22:00:12.222 Uncaught app execution
Traceback (most recent call last):
  File "/home/adminuser/venv/lib/python3.13/site-packages/streamlit/runtime/scriptrunner/exec_code.py", line 129, in exec_func_with_error_handling
    result = func()
  File "/home/adminuser/venv/lib/python3.13/site-packages/streamlit/runtime/scriptrunner/script_runner.py", line 671, in code_to_exec
    exec(code, module.__dict__)  # noqa: S102
    ~~~~^^^^^^^^^^^^^^^^^^^^^^^
  File "/mount/src/smarketer-pro/b2b_outreach_tool/src/app.py", line 11, in <module>
    from dotenv import load_dotenv
ModuleNotFoundError: No module named 'dotenv'
2026-01-09 22:00:12.429 503 GET /script-health-check (127.0.0.1) 208.93ms
2026-01-09 22:00:17.221 Uncaught app execution
Traceback (most recent call last):
  File "/home/adminuser/venv/lib/python3.13/site-packages/streamlit/runtime/scriptrunner/exec_code.py", line 129, in exec_func_with_error_handling
    result = func()
  File "/home/adminuser/venv/lib/python3.13/site-packages/streamlit/runtime/scriptrunner/script_runner.py", line 671, in code_to_exec
    exec(code, module.__dict__)  # noqa: S102
    ~~~~^^^^^^^^^^^^^^^^^^^^^^^
  File "/mount/src/smarketer-pro/b2b_outreach_tool/src/app.py", line 11, in <module>
    from dotenv import load_dotenv
ModuleNotFoundError: No module named 'dotenv'
2026-01-09 22:00:17.418 503 GET /script-health-check (127.0.0.1) 199.61ms
2026-01-09 22:00:22.239 Uncaught app execution
Traceback (most recent call last):
  File "/home/adminuser/venv/lib/python3.13/site-packages/streamlit/runtime/scriptrunner/exec_code.py", line 129, in exec_func_with_error_handling
    result = func()
  File "/home/adminuser/venv/lib/python3.13/site-packages/streamlit/runtime/scriptrunner/script_runner.py", line 671, in code_to_exec
    exec(code, module.__dict__)  # noqa: S102
    ~~~~^^^^^^^^^^^^^^^^^^^^^^^
  File "/mount/src/smarketer-pro/b2b_outreach_tool/src/app.py", line 11, in <module>
    from dotenv import load_dotenv
ModuleNotFoundError: No module named 'dotenv'
2026-01-09 22:00:22.459 503 GET /script-health-check (127.0.0.1) 221.86ms
2026-01-09 22:00:27.227 Uncaught app execution
Traceback (most recent call last):
  File "/home/adminuser/venv/lib/python3.13/site-packages/streamlit/runtime/scriptrunner/exec_code.py", line 129, in exec_func_with_error_handling
    result = func()
  File "/home/adminuser/venv/lib/python3.13/site-packages/streamlit/runtime/scriptrunner/script_runner.py", line 671, in code_to_exec
    exec(code, module.__dict__)  # noqa: S102
    ~~~~^^^^^^^^^^^^^^^^^^^^^^^
  File "/mount/src/smarketer-pro/b2b_outreach_tool/src/app.py", line 11, in <module>
    from dotenv import load_dotenv
ModuleNotFoundError: No module named 'dotenv'
2026-01-09 22:00:27.436 503 GET /script-health-check (127.0.0.1) 211.38ms
2026-01-09 22:00:32.217 Uncaught app execution
Traceback (most recent call last):
  File "/home/adminuser/venv/lib/python3.13/site-packages/streamlit/runtime/scriptrunner/exec_code.py", line 129, in exec_func_with_error_handling
    result = func()
  File "/home/adminuser/venv/lib/python3.13/site-packages/streamlit/runtime/scriptrunner/script_runner.py", line 671, in code_to_exec
    exec(code, module.__dict__)  # noqa: S102
    ~~~~^^^^^^^^^^^^^^^^^^^^^^^
  File "/mount/src/smarketer-pro/b2b_outreach_tool/src/app.py", line 11, in <module>
    from dotenv import load_dotenv
ModuleNotFoundError: No module named 'dotenv'
2026-01-09 22:00:32.421 503 GET /script-health-check (127.0.0.1) 206.28ms
2026-01-09 22:00:37.223 Uncaught app execution
Traceback (most recent call last):
  File "/home/adminuser/venv/lib/python3.13/site-packages/streamlit/runtime/scriptrunner/exec_code.py", line 129, in exec_func_with_error_handling
    result = func()
  File "/home/adminuser/venv/lib/python3.13/site-packages/streamlit/runtime/scriptrunner/script_runner.py", line 671, in code_to_exec
    exec(code, module.__dict__)  # noqa: S102
    ~~~~^^^^^^^^^^^^^^^^^^^^^^^
  File "/mount/src/smarketer-pro/b2b_outreach_tool/src/app.py", line 11, in <module>
    from dotenv import load_dotenv
ModuleNotFoundError: No module named 'dotenv'
2026-01-09 22:00:37.424 503 GET /script-health-check (127.0.0.1) 202.85ms
2026-01-09 22:00:42.223 Uncaught app execution
Traceback (most recent call last):
  File "/home/adminuser/venv/lib/python3.13/site-packages/streamlit/runtime/scriptrunner/exec_code.py", line 129, in exec_func_with_error_handling
    result = func()
  File "/home/adminuser/venv/lib/python3.13/site-packages/streamlit/runtime/scriptrunner/script_runner.py", line 671, in code_to_exec
    exec(code, module.__dict__)  # noqa: S102
    ~~~~^^^^^^^^^^^^^^^^^^^^^^^
  File "/mount/src/smarketer-pro/b2b_outreach_tool/src/app.py", line 11, in <module>
    from dotenv import load_dotenv
ModuleNotFoundError: No module named 'dotenv'
2026-01-09 22:00:42.434 503 GET /script-health-check (127.0.0.1) 213.91ms
2026-01-09 22:00:47.217 Uncaught app execution
Traceback (most recent call last):
  File "/home/adminuser/venv/lib/python3.13/site-packages/streamlit/runtime/scriptrunner/exec_code.py", line 129, in exec_func_with_error_handling
    result = func()
  File "/home/adminuser/venv/lib/python3.13/site-packages/streamlit/runtime/scriptrunner/script_runner.py", line 671, in code_to_exec
    exec(code, module.__dict__)  # noqa: S102
    ~~~~^^^^^^^^^^^^^^^^^^^^^^^
  File "/mount/src/smarketer-pro/b2b_outreach_tool/src/app.py", line 11, in <module>
    from dotenv import load_dotenv
ModuleNotFoundError: No module named 'dotenv'
2026-01-09 22:00:47.418 503 GET /script-health-check (127.0.0.1) 203.06ms
2026-01-09 22:00:52.221 Uncaught app execution
Traceback (most recent call last):
  File "/home/adminuser/venv/lib/python3.13/site-packages/streamlit/runtime/scriptrunner/exec_code.py", line 129, in exec_func_with_error_handling
    result = func()
  File "/home/adminuser/venv/lib/python3.13/site-packages/streamlit/runtime/scriptrunner/script_runner.py", line 671, in code_to_exec
    exec(code, module.__dict__)  # noqa: S102
    ~~~~^^^^^^^^^^^^^^^^^^^^^^^
  File "/mount/src/smarketer-pro/b2b_outreach_tool/src/app.py", line 11, in <module>
    from dotenv import load_dotenv
ModuleNotFoundError: No module named 'dotenv'
2026-01-09 22:00:52.495 503 GET /script-health-check (127.0.0.1) 275.98ms
2026-01-09 22:00:57.221 Uncaught app execution
Traceback (most recent call last):
  File "/home/adminuser/venv/lib/python3.13/site-packages/streamlit/runtime/scriptrunner/exec_code.py", line 129, in exec_func_with_error_handling
    result = func()
  File "/home/adminuser/venv/lib/python3.13/site-packages/streamlit/runtime/scriptrunner/script_runner.py", line 671, in code_to_exec
    exec(code, module.__dict__)  # noqa: S102
    ~~~~^^^^^^^^^^^^^^^^^^^^^^^
  File "/mount/src/smarketer-pro/b2b_outreach_tool/src/app.py", line 11, in <module>
    from dotenv import load_dotenv
ModuleNotFoundError: No module named 'dotenv'
2026-01-09 22:00:57.427 503 GET /script-health-check (127.0.0.1) 207.84ms
2026-01-09 22:01:02.213 Uncaught app execution
Traceback (most recent call last):
  File "/home/adminuser/venv/lib/python3.13/site-packages/streamlit/runtime/scriptrunner/exec_code.py", line 129, in exec_func_with_error_handling
    result = func()
  File "/home/adminuser/venv/lib/python3.13/site-packages/streamlit/runtime/scriptrunner/script_runner.py", line 671, in code_to_exec
    exec(code, module.__dict__)  # noqa: S102
    ~~~~^^^^^^^^^^^^^^^^^^^^^^^
  File "/mount/src/smarketer-pro/b2b_outreach_tool/src/app.py", line 11, in <module>
    from dotenv import load_dotenv
ModuleNotFoundError: No module named 'dotenv'
2026-01-09 22:01:02.423 503 GET /script-health-check (127.0.0.1) 211.28ms
2026-01-09 22:01:07.231 Uncaught app execution
Traceback (most recent call last):
  File "/home/adminuser/venv/lib/python3.13/site-packages/streamlit/runtime/scriptrunner/exec_code.py", line 129, in exec_func_with_error_handling
    result = func()
  File "/home/adminuser/venv/lib/python3.13/site-packages/streamlit/runtime/scriptrunner/script_runner.py", line 671, in code_to_exec
    exec(code, module.__dict__)  # noqa: S102
    ~~~~^^^^^^^^^^^^^^^^^^^^^^^
  File "/mount/src/smarketer-pro/b2b_outreach_tool/src/app.py", line 11, in <module>
    from dotenv import load_dotenv
ModuleNotFoundError: No module named 'dotenv'
2026-01-09 22:01:07.433 503 GET /script-health-check (127.0.0.1) 204.10ms
2026-01-09 22:01:12.220 Uncaught app execution
Traceback (most recent call last):
  File "/home/adminuser/venv/lib/python3.13/site-packages/streamlit/runtime/scriptrunner/exec_code.py", line 129, in exec_func_with_error_handling
    result = func()
  File "/home/adminuser/venv/lib/python3.13/site-packages/streamlit/runtime/scriptrunner/script_runner.py", line 671, in code_to_exec
    exec(code, module.__dict__)  # noqa: S102
    ~~~~^^^^^^^^^^^^^^^^^^^^^^^
  File "/mount/src/smarketer-pro/b2b_outreach_tool/src/app.py", line 11, in <module>
    from dotenv import load_dotenv
ModuleNotFoundError: No module named 'dotenv'
2026-01-09 22:01:12.422 503 GET /script-health-check (127.0.0.1) 203.72ms
2026-01-09 22:01:17.219 Uncaught app execution
Traceback (most recent call last):
  File "/home/adminuser/venv/lib/python3.13/site-packages/streamlit/runtime/scriptrunner/exec_code.py", line 129, in exec_func_with_error_handling
    result = func()
  File "/home/adminuser/venv/lib/python3.13/site-packages/streamlit/runtime/scriptrunner/script_runner.py", line 671, in code_to_exec
    exec(code, module.__dict__)  # noqa: S102
    ~~~~^^^^^^^^^^^^^^^^^^^^^^^
  File "/mount/src/smarketer-pro/b2b_outreach_tool/src/app.py", line 11, in <module>
    from dotenv import load_dotenv
ModuleNotFoundError: No module named 'dotenv'
2026-01-09 22:01:17.419 503 GET /script-health-check (127.0.0.1) 201.29ms
2026-01-09 22:01:22.218 Uncaught app execution
Traceback (most recent call last):
  File "/home/adminuser/venv/lib/python3.13/site-packages/streamlit/runtime/scriptrunner/exec_code.py", line 129, in exec_func_with_error_handling
    result = func()
  File "/home/adminuser/venv/lib/python3.13/site-packages/streamlit/runtime/scriptrunner/script_runner.py", line 671, in code_to_exec
    exec(code, module.__dict__)  # noqa: S102
    ~~~~^^^^^^^^^^^^^^^^^^^^^^^
  File "/mount/src/smarketer-pro/b2b_outreach_tool/src/app.py", line 11, in <module>
    from dotenv import load_dotenv
ModuleNotFoundError: No module named 'dotenv'
2026-01-09 22:01:22.416 503 GET /script-health-check (127.0.0.1) 200.52ms
2026-01-09 22:01:27.216 Uncaught app execution
Traceback (most recent call last):
  File "/home/adminuser/venv/lib/python3.13/site-packages/streamlit/runtime/scriptrunner/exec_code.py", line 129, in exec_func_with_error_handling
    result = func()
  File "/home/adminuser/venv/lib/python3.13/site-packages/streamlit/runtime/scriptrunner/script_runner.py", line 671, in code_to_exec
    exec(code, module.__dict__)  # noqa: S102
    ~~~~^^^^^^^^^^^^^^^^^^^^^^^
  File "/mount/src/smarketer-pro/b2b_outreach_tool/src/app.py", line 11, in <module>
    from dotenv import load_dotenv
ModuleNotFoundError: No module named 'dotenv'
2026-01-09 22:01:27.416 503 GET /script-health-check (127.0.0.1) 201.91ms
2026-01-09 22:01:32.219 Uncaught app execution
Traceback (most recent call last):
  File "/home/adminuser/venv/lib/python3.13/site-packages/streamlit/runtime/scriptrunner/exec_code.py", line 129, in exec_func_with_error_handling
    result = func()
  File "/home/adminuser/venv/lib/python3.13/site-packages/streamlit/runtime/scriptrunner/script_runner.py", line 671, in code_to_exec
    exec(code, module.__dict__)  # noqa: S102
    ~~~~^^^^^^^^^^^^^^^^^^^^^^^
  File "/mount/src/smarketer-pro/b2b_outreach_tool/src/app.py", line 11, in <module>
    from dotenv import load_dotenv
ModuleNotFoundError: No module named 'dotenv'
2026-01-09 22:01:32.424 503 GET /script-health-check (127.0.0.1) 206.34ms
2026-01-09 22:01:37.221 Uncaught app execution
Traceback (most recent call last):
  File "/home/adminuser/venv/lib/python3.13/site-packages/streamlit/runtime/scriptrunner/exec_code.py", line 129, in exec_func_with_error_handling
    result = func()
  File "/home/adminuser/venv/lib/python3.13/site-packages/streamlit/runtime/scriptrunner/script_runner.py", line 671, in code_to_exec
    exec(code, module.__dict__)  # noqa: S102
    ~~~~^^^^^^^^^^^^^^^^^^^^^^^
  File "/mount/src/smarketer-pro/b2b_outreach_tool/src/app.py", line 11, in <module>
    from dotenv import load_dotenv
ModuleNotFoundError: No module named 'dotenv'
2026-01-09 22:01:37.419 503 GET /script-health-check (127.0.0.1) 199.53ms
2026-01-09 22:01:42.228 Uncaught app execution
Traceback (most recent call last):
  File "/home/adminuser/venv/lib/python3.13/site-packages/streamlit/runtime/scriptrunner/exec_code.py", line 129, in exec_func_with_error_handling
    result = func()
  File "/home/adminuser/venv/lib/python3.13/site-packages/streamlit/runtime/scriptrunner/script_runner.py", line 671, in code_to_exec
    exec(code, module.__dict__)  # noqa: S102
    ~~~~^^^^^^^^^^^^^^^^^^^^^^^
  File "/mount/src/smarketer-pro/b2b_outreach_tool/src/app.py", line 11, in <module>
    from dotenv import load_dotenv
ModuleNotFoundError: No module named 'dotenv'
2026-01-09 22:01:42.430 503 GET /script-health-check (127.0.0.1) 203.92ms
2026-01-09 22:01:47.211 Uncaught app execution
Traceback (most recent call last):
  File "/home/adminuser/venv/lib/python3.13/site-packages/streamlit/runtime/scriptrunner/exec_code.py", line 129, in exec_func_with_error_handling
    result = func()
  File "/home/adminuser/venv/lib/python3.13/site-packages/streamlit/runtime/scriptrunner/script_runner.py", line 671, in code_to_exec
    exec(code, module.__dict__)  # noqa: S102
    ~~~~^^^^^^^^^^^^^^^^^^^^^^^
  File "/mount/src/smarketer-pro/b2b_outreach_tool/src/app.py", line 11, in <module>
    from dotenv import load_dotenv
ModuleNotFoundError: No module named 'dotenv'
2026-01-09 22:01:47.417 503 GET /script-health-check (127.0.0.1) 208.25ms
2026-01-09 22:01:52.220 Uncaught app execution
Traceback (most recent call last):
  File "/home/adminuser/venv/lib/python3.13/site-packages/streamlit/runtime/scriptrunner/exec_code.py", line 129, in exec_func_with_error_handling
    result = func()
  File "/home/adminuser/venv/lib/python3.13/site-packages/streamlit/runtime/scriptrunner/script_runner.py", line 671, in code_to_exec
    exec(code, module.__dict__)  # noqa: S102
    ~~~~^^^^^^^^^^^^^^^^^^^^^^^
  File "/mount/src/smarketer-pro/b2b_outreach_tool/src/app.py", line 11, in <module>
    from dotenv import load_dotenv
ModuleNotFoundError: No module named 'dotenv'
2026-01-09 22:01:52.446 503 GET /script-health-check (127.0.0.1) 228.25ms
2026-01-09 22:01:57.221 Uncaught app execution
Traceback (most recent call last):
  File "/home/adminuser/venv/lib/python3.13/site-packages/streamlit/runtime/scriptrunner/exec_code.py", line 129, in exec_func_with_error_handling
    result = func()
  File "/home/adminuser/venv/lib/python3.13/site-packages/streamlit/runtime/scriptrunner/script_runner.py", line 671, in code_to_exec
    exec(code, module.__dict__)  # noqa: S102
    ~~~~^^^^^^^^^^^^^^^^^^^^^^^
  File "/mount/src/smarketer-pro/b2b_outreach_tool/src/app.py", line 11, in <module>
    from dotenv import load_dotenv
ModuleNotFoundError: No module named 'dotenv'
2026-01-09 22:01:57.427 503 GET /script-health-check (127.0.0.1) 207.52ms
2026-01-09 22:02:02.239 Uncaught app execution
Traceback (most recent call last):
  File "/home/adminuser/venv/lib/python3.13/site-packages/streamlit/runtime/scriptrunner/exec_code.py", line 129, in exec_func_with_error_handling
    result = func()
  File "/home/adminuser/venv/lib/python3.13/site-packages/streamlit/runtime/scriptrunner/script_runner.py", line 671, in code_to_exec
    exec(code, module.__dict__)  # noqa: S102
    ~~~~^^^^^^^^^^^^^^^^^^^^^^^
  File "/mount/src/smarketer-pro/b2b_outreach_tool/src/app.py", line 11, in <module>
    from dotenv import load_dotenv
ModuleNotFoundError: No module named 'dotenv'
2026-01-09 22:02:02.463 503 GET /script-health-check (127.0.0.1) 226.55ms
2026-01-09 22:02:07.222 Uncaught app execution
Traceback (most recent call last):
  File "/home/adminuser/venv/lib/python3.13/site-packages/streamlit/runtime/scriptrunner/exec_code.py", line 129, in exec_func_with_error_handling
    result = func()
  File "/home/adminuser/venv/lib/python3.13/site-packages/streamlit/runtime/scriptrunner/script_runner.py", line 671, in code_to_exec
    exec(code, module.__dict__)  # noqa: S102
    ~~~~^^^^^^^^^^^^^^^^^^^^^^^
  File "/mount/src/smarketer-pro/b2b_outreach_tool/src/app.py", line 11, in <module>
    from dotenv import load_dotenv
ModuleNotFoundError: No module named 'dotenv'
2026-01-09 22:02:07.427 503 GET /script-health-check (127.0.0.1) 206.34ms
2026-01-09 22:02:12.222 Uncaught app execution
Traceback (most recent call last):
  File "/home/adminuser/venv/lib/python3.13/site-packages/streamlit/runtime/scriptrunner/exec_code.py", line 129, in exec_func_with_error_handling
    result = func()
  File "/home/adminuser/venv/lib/python3.13/site-packages/streamlit/runtime/scriptrunner/script_runner.py", line 671, in code_to_exec
    exec(code, module.__dict__)  # noqa: S102
    ~~~~^^^^^^^^^^^^^^^^^^^^^^^
  File "/mount/src/smarketer-pro/b2b_outreach_tool/src/app.py", line 11, in <module>
    from dotenv import load_dotenv
ModuleNotFoundError: No module named 'dotenv'
2026-01-09 22:02:12.422 503 GET /script-health-check (127.0.0.1) 202.51ms
2026-01-09 22:02:17.219 Uncaught app execution
Traceback (most recent call last):
  File "/home/adminuser/venv/lib/python3.13/site-packages/streamlit/runtime/scriptrunner/exec_code.py", line 129, in exec_func_with_error_handling
    result = func()
  File "/home/adminuser/venv/lib/python3.13/site-packages/streamlit/runtime/scriptrunner/script_runner.py", line 671, in code_to_exec
    exec(code, module.__dict__)  # noqa: S102
    ~~~~^^^^^^^^^^^^^^^^^^^^^^^
  File "/mount/src/smarketer-pro/b2b_outreach_tool/src/app.py", line 11, in <module>
    from dotenv import load_dotenv
ModuleNotFoundError: No module named 'dotenv'
2026-01-09 22:02:17.415 503 GET /script-health-check (127.0.0.1) 198.23ms
2026-01-09 22:02:22.235 Uncaught app execution
Traceback (most recent call last):
  File "/home/adminuser/venv/lib/python3.13/site-packages/streamlit/runtime/scriptrunner/exec_code.py", line 129, in exec_func_with_error_handling
    result = func()
  File "/home/adminuser/venv/lib/python3.13/site-packages/streamlit/runtime/scriptrunner/script_runner.py", line 671, in code_to_exec
    exec(code, module.__dict__)  # noqa: S102
    ~~~~^^^^^^^^^^^^^^^^^^^^^^^
  File "/mount/src/smarketer-pro/b2b_outreach_tool/src/app.py", line 11, in <module>
    from dotenv import load_dotenv
ModuleNotFoundError: No module named 'dotenv'
2026-01-09 22:02:22.478 503 GET /script-health-check (127.0.0.1) 245.45ms
2026-01-09 22:02:27.226 Uncaught app execution
Traceback (most recent call last):
  File "/home/adminuser/venv/lib/python3.13/site-packages/streamlit/runtime/scriptrunner/exec_code.py", line 129, in exec_func_with_error_handling
    result = func()
  File "/home/adminuser/venv/lib/python3.13/site-packages/streamlit/runtime/scriptrunner/script_runner.py", line 671, in code_to_exec
    exec(code, module.__dict__)  # noqa: S102
    ~~~~^^^^^^^^^^^^^^^^^^^^^^^
  File "/mount/src/smarketer-pro/b2b_outreach_tool/src/app.py", line 11, in <module>
    from dotenv import load_dotenv
ModuleNotFoundError: No module named 'dotenv'
2026-01-09 22:02:27.434 503 GET /script-health-check (127.0.0.1) 210.48ms
2026-01-09 22:02:32.258 Uncaught app execution
Traceback (most recent call last):
  File "/home/adminuser/venv/lib/python3.13/site-packages/streamlit/runtime/scriptrunner/exec_code.py", line 129, in exec_func_with_error_handling
    result = func()
  File "/home/adminuser/venv/lib/python3.13/site-packages/streamlit/runtime/scriptrunner/script_runner.py", line 671, in code_to_exec
    exec(code, module.__dict__)  # noqa: S102
    ~~~~^^^^^^^^^^^^^^^^^^^^^^^
  File "/mount/src/smarketer-pro/b2b_outreach_tool/src/app.py", line 11, in <module>
    from dotenv import load_dotenv
ModuleNotFoundError: No module named 'dotenv'
2026-01-09 22:02:32.467 503 GET /script-health-check (127.0.0.1) 211.20ms
2026-01-09 22:02:37.221 Uncaught app execution
Traceback (most recent call last):
  File "/home/adminuser/venv/lib/python3.13/site-packages/streamlit/runtime/scriptrunner/exec_code.py", line 129, in exec_func_with_error_handling
    result = func()
  File "/home/adminuser/venv/lib/python3.13/site-packages/streamlit/runtime/scriptrunner/script_runner.py", line 671, in code_to_exec
    exec(code, module.__dict__)  # noqa: S102
    ~~~~^^^^^^^^^^^^^^^^^^^^^^^
  File "/mount/src/smarketer-pro/b2b_outreach_tool/src/app.py", line 11, in <module>
    from dotenv import load_dotenv
ModuleNotFoundError: No module named 'dotenv'
2026-01-09 22:02:37.433 503 GET /script-health-check (127.0.0.1) 213.13ms
2026-01-09 22:02:42.218 Uncaught app execution
Traceback (most recent call last):
  File "/home/adminuser/venv/lib/python3.13/site-packages/streamlit/runtime/scriptrunner/exec_code.py", line 129, in exec_func_with_error_handling
    result = func()
  File "/home/adminuser/venv/lib/python3.13/site-packages/streamlit/runtime/scriptrunner/script_runner.py", line 671, in code_to_exec
    exec(code, module.__dict__)  # noqa: S102
    ~~~~^^^^^^^^^^^^^^^^^^^^^^^
  File "/mount/src/smarketer-pro/b2b_outreach_tool/src/app.py", line 11, in <module>
    from dotenv import load_dotenv
ModuleNotFoundError: No module named 'dotenv'
2026-01-09 22:02:42.415 503 GET /script-health-check (127.0.0.1) 199.23ms
2026-01-09 22:02:47.228 Uncaught app execution
Traceback (most recent call last):
  File "/home/adminuser/venv/lib/python3.13/site-packages/streamlit/runtime/scriptrunner/exec_code.py", line 129, in exec_func_with_error_handling
    result = func()
  File "/home/adminuser/venv/lib/python3.13/site-packages/streamlit/runtime/scriptrunner/script_runner.py", line 671, in code_to_exec
    exec(code, module.__dict__)  # noqa: S102
    ~~~~^^^^^^^^^^^^^^^^^^^^^^^
  File "/mount/src/smarketer-pro/b2b_outreach_tool/src/app.py", line 11, in <module>
    from dotenv import load_dotenv
ModuleNotFoundError: No module named 'dotenv'
2026-01-09 22:02:47.427 503 GET /script-health-check (127.0.0.1) 200.86ms
2026-01-09 22:02:52.220 Uncaught app execution
Traceback (most recent call last):
  File "/home/adminuser/venv/lib/python3.13/site-packages/streamlit/runtime/scriptrunner/exec_code.py", line 129, in exec_func_with_error_handling
    result = func()
  File "/home/adminuser/venv/lib/python3.13/site-packages/streamlit/runtime/scriptrunner/script_runner.py", line 671, in code_to_exec
    exec(code, module.__dict__)  # noqa: S102
    ~~~~^^^^^^^^^^^^^^^^^^^^^^^
  File "/mount/src/smarketer-pro/b2b_outreach_tool/src/app.py", line 11, in <module>
    from dotenv import load_dotenv
ModuleNotFoundError: No module named 'dotenv'
2026-01-09 22:02:52.435 503 GET /script-health-check (127.0.0.1) 216.71ms
2026-01-09 22:02:57.219 Uncaught app execution
Traceback (most recent call last):
  File "/home/adminuser/venv/lib/python3.13/site-packages/streamlit/runtime/scriptrunner/exec_code.py", line 129, in exec_func_with_error_handling
    result = func()
  File "/home/adminuser/venv/lib/python3.13/site-packages/streamlit/runtime/scriptrunner/script_runner.py", line 671, in code_to_exec
    exec(code, module.__dict__)  # noqa: S102
    ~~~~^^^^^^^^^^^^^^^^^^^^^^^
  File "/mount/src/smarketer-pro/b2b_outreach_tool/src/app.py", line 11, in <module>
    from dotenv import load_dotenv
ModuleNotFoundError: No module named 'dotenv'
2026-01-09 22:02:57.425 503 GET /script-health-check (127.0.0.1) 208.01ms
2026-01-09 22:03:02.219 Uncaught app execution
Traceback (most recent call last):
  File "/home/adminuser/venv/lib/python3.13/site-packages/streamlit/runtime/scriptrunner/exec_code.py", line 129, in exec_func_with_error_handling
    result = func()
  File "/home/adminuser/venv/lib/python3.13/site-packages/streamlit/runtime/scriptrunner/script_runner.py", line 671, in code_to_exec
    exec(code, module.__dict__)  # noqa: S102
    ~~~~^^^^^^^^^^^^^^^^^^^^^^^
  File "/mount/src/smarketer-pro/b2b_outreach_tool/src/app.py", line 11, in <module>
    from dotenv import load_dotenv
ModuleNotFoundError: No module named 'dotenv'
2026-01-09 22:03:02.423 503 GET /script-health-check (127.0.0.1) 205.89ms
2026-01-09 22:03:07.217 Uncaught app execution
Traceback (most recent call last):
  File "/home/adminuser/venv/lib/python3.13/site-packages/streamlit/runtime/scriptrunner/exec_code.py", line 129, in exec_func_with_error_handling
    result = func()
  File "/home/adminuser/venv/lib/python3.13/site-packages/streamlit/runtime/scriptrunner/script_runner.py", line 671, in code_to_exec
    exec(code, module.__dict__)  # noqa: S102
    ~~~~^^^^^^^^^^^^^^^^^^^^^^^
  File "/mount/src/smarketer-pro/b2b_outreach_tool/src/app.py", line 11, in <module>
    from dotenv import load_dotenv
ModuleNotFoundError: No module named 'dotenv'
2026-01-09 22:03:07.421 503 GET /script-health-check (127.0.0.1) 206.70ms
2026-01-09 22:03:12.221 Uncaught app execution
Traceback (most recent call last):
  File "/home/adminuser/venv/lib/python3.13/site-packages/streamlit/runtime/scriptrunner/exec_code.py", line 129, in exec_func_with_error_handling
    result = func()
  File "/home/adminuser/venv/lib/python3.13/site-packages/streamlit/runtime/scriptrunner/script_runner.py", line 671, in code_to_exec
    exec(code, module.__dict__)  # noqa: S102
    ~~~~^^^^^^^^^^^^^^^^^^^^^^^
  File "/mount/src/smarketer-pro/b2b_outreach_tool/src/app.py", line 11, in <module>
    from dotenv import load_dotenv
ModuleNotFoundError: No module named 'dotenv'
2026-01-09 22:03:12.429 503 GET /script-health-check (127.0.0.1) 209.56ms
2026-01-09 22:03:17.221 Uncaught app execution
Traceback (most recent call last):
  File "/home/adminuser/venv/lib/python3.13/site-packages/streamlit/runtime/scriptrunner/exec_code.py", line 129, in exec_func_with_error_handling
    result = func()
  File "/home/adminuser/venv/lib/python3.13/site-packages/streamlit/runtime/scriptrunner/script_runner.py", line 671, in code_to_exec
    exec(code, module.__dict__)  # noqa: S102
    ~~~~^^^^^^^^^^^^^^^^^^^^^^^
  File "/mount/src/smarketer-pro/b2b_outreach_tool/src/app.py", line 11, in <module>
    from dotenv import load_dotenv
ModuleNotFoundError: No module named 'dotenv'
2026-01-09 22:03:17.426 503 GET /script-health-check (127.0.0.1) 206.79ms
2026-01-09 22:03:22.217 Uncaught app execution
Traceback (most recent call last):
  File "/home/adminuser/venv/lib/python3.13/site-packages/streamlit/runtime/scriptrunner/exec_code.py", line 129, in exec_func_with_error_handling
    result = func()
  File "/home/adminuser/venv/lib/python3.13/site-packages/streamlit/runtime/scriptrunner/script_runner.py", line 671, in code_to_exec
    exec(code, module.__dict__)  # noqa: S102
    ~~~~^^^^^^^^^^^^^^^^^^^^^^^
  File "/mount/src/smarketer-pro/b2b_outreach_tool/src/app.py", line 11, in <module>
    from dotenv import load_dotenv
ModuleNotFoundError: No module named 'dotenv'
2026-01-09 22:03:22.422 503 GET /script-health-check (127.0.0.1) 206.72ms
2026-01-09 22:03:27.220 Uncaught app execution
Traceback (most recent call last):
  File "/home/adminuser/venv/lib/python3.13/site-packages/streamlit/runtime/scriptrunner/exec_code.py", line 129, in exec_func_with_error_handling
    result = func()
  File "/home/adminuser/venv/lib/python3.13/site-packages/streamlit/runtime/scriptrunner/script_runner.py", line 671, in code_to_exec
    exec(code, module.__dict__)  # noqa: S102
    ~~~~^^^^^^^^^^^^^^^^^^^^^^^
  File "/mount/src/smarketer-pro/b2b_outreach_tool/src/app.py", line 11, in <module>
    from dotenv import load_dotenv
ModuleNotFoundError: No module named 'dotenv'
2026-01-09 22:03:27.429 503 GET /script-health-check (127.0.0.1) 210.49ms
2026-01-09 22:03:32.253 Uncaught app execution
Traceback (most recent call last):
  File "/home/adminuser/venv/lib/python3.13/site-packages/streamlit/runtime/scriptrunner/exec_code.py", line 129, in exec_func_with_error_handling
    result = func()
  File "/home/adminuser/venv/lib/python3.13/site-packages/streamlit/runtime/scriptrunner/script_runner.py", line 671, in code_to_exec
    exec(code, module.__dict__)  # noqa: S102
    ~~~~^^^^^^^^^^^^^^^^^^^^^^^
  File "/mount/src/smarketer-pro/b2b_outreach_tool/src/app.py", line 11, in <module>
    from dotenv import load_dotenv
ModuleNotFoundError: No module named 'dotenv'
2026-01-09 22:03:32.488 503 GET /script-health-check (127.0.0.1) 237.62ms
2026-01-09 22:03:37.221 Uncaught app execution
Traceback (most recent call last):
  File "/home/adminuser/venv/lib/python3.13/site-packages/streamlit/runtime/scriptrunner/exec_code.py", line 129, in exec_func_with_error_handling
    result = func()
  File "/home/adminuser/venv/lib/python3.13/site-packages/streamlit/runtime/scriptrunner/script_runner.py", line 671, in code_to_exec
    exec(code, module.__dict__)  # noqa: S102
    ~~~~^^^^^^^^^^^^^^^^^^^^^^^
  File "/mount/src/smarketer-pro/b2b_outreach_tool/src/app.py", line 11, in <module>
    from dotenv import load_dotenv
ModuleNotFoundError: No module named 'dotenv'
2026-01-09 22:03:37.428 503 GET /script-health-check (127.0.0.1) 208.63ms
2026-01-09 22:03:42.217 Uncaught app execution
Traceback (most recent call last):
  File "/home/adminuser/venv/lib/python3.13/site-packages/streamlit/runtime/scriptrunner/exec_code.py", line 129, in exec_func_with_error_handling
    result = func()
  File "/home/adminuser/venv/lib/python3.13/site-packages/streamlit/runtime/scriptrunner/script_runner.py", line 671, in code_to_exec
    exec(code, module.__dict__)  # noqa: S102
    ~~~~^^^^^^^^^^^^^^^^^^^^^^^
  File "/mount/src/smarketer-pro/b2b_outreach_tool/src/app.py", line 11, in <module>
    from dotenv import load_dotenv
ModuleNotFoundError: No module named 'dotenv'
2026-01-09 22:03:42.431 503 GET /script-health-check (127.0.0.1) 216.68ms
2026-01-09 22:03:47.225 Uncaught app execution
Traceback (most recent call last):
  File "/home/adminuser/venv/lib/python3.13/site-packages/streamlit/runtime/scriptrunner/exec_code.py", line 129, in exec_func_with_error_handling
    result = func()
  File "/home/adminuser/venv/lib/python3.13/site-packages/streamlit/runtime/scriptrunner/script_runner.py", line 671, in code_to_exec
    exec(code, module.__dict__)  # noqa: S102
    ~~~~^^^^^^^^^^^^^^^^^^^^^^^
  File "/mount/src/smarketer-pro/b2b_outreach_tool/src/app.py", line 11, in <module>
    from dotenv import load_dotenv
ModuleNotFoundError: No module named 'dotenv'
2026-01-09 22:03:47.426 503 GET /script-health-check (127.0.0.1) 202.85ms
2026-01-09 22:03:52.234 Uncaught app execution
Traceback (most recent call last):
  File "/home/adminuser/venv/lib/python3.13/site-packages/streamlit/runtime/scriptrunner/exec_code.py", line 129, in exec_func_with_error_handling
    result = func()
  File "/home/adminuser/venv/lib/python3.13/site-packages/streamlit/runtime/scriptrunner/script_runner.py", line 671, in code_to_exec
    exec(code, module.__dict__)  # noqa: S102
    ~~~~^^^^^^^^^^^^^^^^^^^^^^^
  File "/mount/src/smarketer-pro/b2b_outreach_tool/src/app.py", line 11, in <module>
    from dotenv import load_dotenv
ModuleNotFoundError: No module named 'dotenv'
2026-01-09 22:03:52.472 503 GET /script-health-check (127.0.0.1) 240.31ms
2026-01-09 22:03:57.227 Uncaught app execution
Traceback (most recent call last):
  File "/home/adminuser/venv/lib/python3.13/site-packages/streamlit/runtime/scriptrunner/exec_code.py", line 129, in exec_func_with_error_handling
    result = func()
  File "/home/adminuser/venv/lib/python3.13/site-packages/streamlit/runtime/scriptrunner/script_runner.py", line 671, in code_to_exec
    exec(code, module.__dict__)  # noqa: S102
    ~~~~^^^^^^^^^^^^^^^^^^^^^^^
  File "/mount/src/smarketer-pro/b2b_outreach_tool/src/app.py", line 11, in <module>
    from dotenv import load_dotenv
ModuleNotFoundError: No module named 'dotenv'
2026-01-09 22:03:57.439 503 GET /script-health-check (127.0.0.1) 213.18ms
2026-01-09 22:04:02.223 Uncaught app execution
Traceback (most recent call last):
  File "/home/adminuser/venv/lib/python3.13/site-packages/streamlit/runtime/scriptrunner/exec_code.py", line 129, in exec_func_with_error_handling
    result = func()
  File "/home/adminuser/venv/lib/python3.13/site-packages/streamlit/runtime/scriptrunner/script_runner.py", line 671, in code_to_exec
    exec(code, module.__dict__)  # noqa: S102
    ~~~~^^^^^^^^^^^^^^^^^^^^^^^
  File "/mount/src/smarketer-pro/b2b_outreach_tool/src/app.py", line 11, in <module>
    from dotenv import load_dotenv
ModuleNotFoundError: No module named 'dotenv'
2026-01-09 22:04:02.423 503 GET /script-health-check (127.0.0.1) 202.53ms
2026-01-09 22:04:07.220 Uncaught app execution
Traceback (most recent call last):
  File "/home/adminuser/venv/lib/python3.13/site-packages/streamlit/runtime/scriptrunner/exec_code.py", line 129, in exec_func_with_error_handling
    result = func()
  File "/home/adminuser/venv/lib/python3.13/site-packages/streamlit/runtime/scriptrunner/script_runner.py", line 671, in code_to_exec
    exec(code, module.__dict__)  # noqa: S102
    ~~~~^^^^^^^^^^^^^^^^^^^^^^^
  File "/mount/src/smarketer-pro/b2b_outreach_tool/src/app.py", line 11, in <module>
    from dotenv import load_dotenv
ModuleNotFoundError: No module named 'dotenv'
2026-01-09 22:04:07.439 503 GET /script-health-check (127.0.0.1) 221.02ms
2026-01-09 22:04:12.224 Uncaught app execution
Traceback (most recent call last):
  File "/home/adminuser/venv/lib/python3.13/site-packages/streamlit/runtime/scriptrunner/exec_code.py", line 129, in exec_func_with_error_handling
    result = func()
  File "/home/adminuser/venv/lib/python3.13/site-packages/streamlit/runtime/scriptrunner/script_runner.py", line 671, in code_to_exec
    exec(code, module.__dict__)  # noqa: S102
    ~~~~^^^^^^^^^^^^^^^^^^^^^^^
  File "/mount/src/smarketer-pro/b2b_outreach_tool/src/app.py", line 11, in <module>
    from dotenv import load_dotenv
ModuleNotFoundError: No module named 'dotenv'
2026-01-09 22:04:12.443 503 GET /script-health-check (127.0.0.1) 221.41ms
2026-01-09 22:04:17.216 Uncaught app execution
Traceback (most recent call last):
  File "/home/adminuser/venv/lib/python3.13/site-packages/streamlit/runtime/scriptrunner/exec_code.py", line 129, in exec_func_with_error_handling
    result = func()
  File "/home/adminuser/venv/lib/python3.13/site-packages/streamlit/runtime/scriptrunner/script_runner.py", line 671, in code_to_exec
    exec(code, module.__dict__)  # noqa: S102
    ~~~~^^^^^^^^^^^^^^^^^^^^^^^
  File "/mount/src/smarketer-pro/b2b_outreach_tool/src/app.py", line 11, in <module>
    from dotenv import load_dotenv
ModuleNotFoundError: No module named 'dotenv'
2026-01-09 22:04:17.418 503 GET /script-health-check (127.0.0.1) 203.97ms
2026-01-09 22:04:22.239 Uncaught app execution
Traceback (most recent call last):
  File "/home/adminuser/venv/lib/python3.13/site-packages/streamlit/runtime/scriptrunner/exec_code.py", line 129, in exec_func_with_error_handling
    result = func()
  File "/home/adminuser/venv/lib/python3.13/site-packages/streamlit/runtime/scriptrunner/script_runner.py", line 671, in code_to_exec
    exec(code, module.__dict__)  # noqa: S102
    ~~~~^^^^^^^^^^^^^^^^^^^^^^^
  File "/mount/src/smarketer-pro/b2b_outreach_tool/src/app.py", line 11, in <module>
    from dotenv import load_dotenv
ModuleNotFoundError: No module named 'dotenv'
2026-01-09 22:04:22.446 503 GET /script-health-check (127.0.0.1) 208.82ms
2026-01-09 22:04:27.212 Uncaught app execution
Traceback (most recent call last):
  File "/home/adminuser/venv/lib/python3.13/site-packages/streamlit/runtime/scriptrunner/exec_code.py", line 129, in exec_func_with_error_handling
    result = func()
  File "/home/adminuser/venv/lib/python3.13/site-packages/streamlit/runtime/scriptrunner/script_runner.py", line 671, in code_to_exec
    exec(code, module.__dict__)  # noqa: S102
    ~~~~^^^^^^^^^^^^^^^^^^^^^^^
  File "/mount/src/smarketer-pro/b2b_outreach_tool/src/app.py", line 11, in <module>
    from dotenv import load_dotenv
ModuleNotFoundError: No module named 'dotenv'
2026-01-09 22:04:27.407 503 GET /script-health-check (127.0.0.1) 197.15ms
2026-01-09 22:04:32.217 Uncaught app execution
Traceback (most recent call last):
  File "/home/adminuser/venv/lib/python3.13/site-packages/streamlit/runtime/scriptrunner/exec_code.py", line 129, in exec_func_with_error_handling
    result = func()
  File "/home/adminuser/venv/lib/python3.13/site-packages/streamlit/runtime/scriptrunner/script_runner.py", line 671, in code_to_exec
    exec(code, module.__dict__)  # noqa: S102
    ~~~~^^^^^^^^^^^^^^^^^^^^^^^
  File "/mount/src/smarketer-pro/b2b_outreach_tool/src/app.py", line 11, in <module>
    from dotenv import load_dotenv
ModuleNotFoundError: No module named 'dotenv'
2026-01-09 22:04:32.416 503 GET /script-health-check (127.0.0.1) 201.10ms
2026-01-09 22:04:37.220 Uncaught app execution
Traceback (most recent call last):
  File "/home/adminuser/venv/lib/python3.13/site-packages/streamlit/runtime/scriptrunner/exec_code.py", line 129, in exec_func_with_error_handling
    result = func()
  File "/home/adminuser/venv/lib/python3.13/site-packages/streamlit/runtime/scriptrunner/script_runner.py", line 671, in code_to_exec
    exec(code, module.__dict__)  # noqa: S102
    ~~~~^^^^^^^^^^^^^^^^^^^^^^^
  File "/mount/src/smarketer-pro/b2b_outreach_tool/src/app.py", line 11, in <module>
    from dotenv import load_dotenv
ModuleNotFoundError: No module named 'dotenv'
2026-01-09 22:04:37.425 503 GET /script-health-check (127.0.0.1) 206.53ms
2026-01-09 22:04:42.222 Uncaught app execution
Traceback (most recent call last):
  File "/home/adminuser/venv/lib/python3.13/site-packages/streamlit/runtime/scriptrunner/exec_code.py", line 129, in exec_func_with_error_handling
    result = func()
  File "/home/adminuser/venv/lib/python3.13/site-packages/streamlit/runtime/scriptrunner/script_runner.py", line 671, in code_to_exec
    exec(code, module.__dict__)  # noqa: S102
    ~~~~^^^^^^^^^^^^^^^^^^^^^^^
  File "/mount/src/smarketer-pro/b2b_outreach_tool/src/app.py", line 11, in <module>
    from dotenv import load_dotenv
ModuleNotFoundError: No module named 'dotenv'
2026-01-09 22:04:42.440 503 GET /script-health-check (127.0.0.1) 219.53ms
2026-01-09 22:04:47.220 Uncaught app execution
Traceback (most recent call last):
  File "/home/adminuser/venv/lib/python3.13/site-packages/streamlit/runtime/scriptrunner/exec_code.py", line 129, in exec_func_with_error_handling
    result = func()
  File "/home/adminuser/venv/lib/python3.13/site-packages/streamlit/runtime/scriptrunner/script_runner.py", line 671, in code_to_exec
    exec(code, module.__dict__)  # noqa: S102
    ~~~~^^^^^^^^^^^^^^^^^^^^^^^
  File "/mount/src/smarketer-pro/b2b_outreach_tool/src/app.py", line 11, in <module>
    from dotenv import load_dotenv
ModuleNotFoundError: No module named 'dotenv'
2026-01-09 22:04:47.423 503 GET /script-health-check (127.0.0.1) 204.76ms
2026-01-09 22:04:52.218 Uncaught app execution
Traceback (most recent call last):
  File "/home/adminuser/venv/lib/python3.13/site-packages/streamlit/runtime/scriptrunner/exec_code.py", line 129, in exec_func_with_error_handling
    result = func()
  File "/home/adminuser/venv/lib/python3.13/site-packages/streamlit/runtime/scriptrunner/script_runner.py", line 671, in code_to_exec
    exec(code, module.__dict__)  # noqa: S102
    ~~~~^^^^^^^^^^^^^^^^^^^^^^^
  File "/mount/src/smarketer-pro/b2b_outreach_tool/src/app.py", line 11, in <module>
    from dotenv import load_dotenv
ModuleNotFoundError: No module named 'dotenv'
2026-01-09 22:04:52.441 503 GET /script-health-check (127.0.0.1) 225.52ms
2026-01-09 22:04:57.223 Uncaught app execution
Traceback (most recent call last):
  File "/home/adminuser/venv/lib/python3.13/site-packages/streamlit/runtime/scriptrunner/exec_code.py", line 129, in exec_func_with_error_handling
    result = func()
  File "/home/adminuser/venv/lib/python3.13/site-packages/streamlit/runtime/scriptrunner/script_runner.py", line 671, in code_to_exec
    exec(code, module.__dict__)  # noqa: S102
    ~~~~^^^^^^^^^^^^^^^^^^^^^^^
  File "/mount/src/smarketer-pro/b2b_outreach_tool/src/app.py", line 11, in <module>
    from dotenv import load_dotenv
ModuleNotFoundError: No module named 'dotenv'
2026-01-09 22:04:57.422 503 GET /script-health-check (127.0.0.1) 201.83ms
2026-01-09 22:05:02.266 Uncaught app execution
Traceback (most recent call last):
  File "/home/adminuser/venv/lib/python3.13/site-packages/streamlit/runtime/scriptrunner/exec_code.py", line 129, in exec_func_with_error_handling
    result = func()
  File "/home/adminuser/venv/lib/python3.13/site-packages/streamlit/runtime/scriptrunner/script_runner.py", line 671, in code_to_exec
    exec(code, module.__dict__)  # noqa: S102
    ~~~~^^^^^^^^^^^^^^^^^^^^^^^
  File "/mount/src/smarketer-pro/b2b_outreach_tool/src/app.py", line 11, in <module>
    from dotenv import load_dotenv
ModuleNotFoundError: No module named 'dotenv'
2026-01-09 22:05:02.496 503 GET /script-health-check (127.0.0.1) 232.44ms
2026-01-09 22:05:07.239 Uncaught app execution
Traceback (most recent call last):
  File "/home/adminuser/venv/lib/python3.13/site-packages/streamlit/runtime/scriptrunner/exec_code.py", line 129, in exec_func_with_error_handling
    result = func()
  File "/home/adminuser/venv/lib/python3.13/site-packages/streamlit/runtime/scriptrunner/script_runner.py", line 671, in code_to_exec
    exec(code, module.__dict__)  # noqa: S102
    ~~~~^^^^^^^^^^^^^^^^^^^^^^^
  File "/mount/src/smarketer-pro/b2b_outreach_tool/src/app.py", line 11, in <module>
    from dotenv import load_dotenv
ModuleNotFoundError: No module named 'dotenv'
2026-01-09 22:05:07.470 503 GET /script-health-check (127.0.0.1) 233.30ms
2026-01-09 22:05:12.216 Uncaught app execution
Traceback (most recent call last):
  File "/home/adminuser/venv/lib/python3.13/site-packages/streamlit/runtime/scriptrunner/exec_code.py", line 129, in exec_func_with_error_handling
    result = func()
  File "/home/adminuser/venv/lib/python3.13/site-packages/streamlit/runtime/scriptrunner/script_runner.py", line 671, in code_to_exec
    exec(code, module.__dict__)  # noqa: S102
    ~~~~^^^^^^^^^^^^^^^^^^^^^^^
  File "/mount/src/smarketer-pro/b2b_outreach_tool/src/app.py", line 11, in <module>
    from dotenv import load_dotenv
ModuleNotFoundError: No module named 'dotenv'
2026-01-09 22:05:12.432 503 GET /script-health-check (127.0.0.1) 218.03ms
2026-01-09 22:05:17.222 Uncaught app execution
Traceback (most recent call last):
  File "/home/adminuser/venv/lib/python3.13/site-packages/streamlit/runtime/scriptrunner/exec_code.py", line 129, in exec_func_with_error_handling
    result = func()
  File "/home/adminuser/venv/lib/python3.13/site-packages/streamlit/runtime/scriptrunner/script_runner.py", line 671, in code_to_exec
    exec(code, module.__dict__)  # noqa: S102
    ~~~~^^^^^^^^^^^^^^^^^^^^^^^
  File "/mount/src/smarketer-pro/b2b_outreach_tool/src/app.py", line 11, in <module>
    from dotenv import load_dotenv
ModuleNotFoundError: No module named 'dotenv'
2026-01-09 22:05:17.445 503 GET /script-health-check (127.0.0.1) 224.73ms
2026-01-09 22:05:22.221 Uncaught app execution
Traceback (most recent call last):
  File "/home/adminuser/venv/lib/python3.13/site-packages/streamlit/runtime/scriptrunner/exec_code.py", line 129, in exec_func_with_error_handling
    result = func()
  File "/home/adminuser/venv/lib/python3.13/site-packages/streamlit/runtime/scriptrunner/script_runner.py", line 671, in code_to_exec
    exec(code, module.__dict__)  # noqa: S102
    ~~~~^^^^^^^^^^^^^^^^^^^^^^^
  File "/mount/src/smarketer-pro/b2b_outreach_tool/src/app.py", line 11, in <module>
    from dotenv import load_dotenv
ModuleNotFoundError: No module named 'dotenv'
2026-01-09 22:05:22.425 503 GET /script-health-check (127.0.0.1) 205.93ms
2026-01-09 22:05:27.225 Uncaught app execution
Traceback (most recent call last):
  File "/home/adminuser/venv/lib/python3.13/site-packages/streamlit/runtime/scriptrunner/exec_code.py", line 129, in exec_func_with_error_handling
    result = func()
  File "/home/adminuser/venv/lib/python3.13/site-packages/streamlit/runtime/scriptrunner/script_runner.py", line 671, in code_to_exec
    exec(code, module.__dict__)  # noqa: S102
    ~~~~^^^^^^^^^^^^^^^^^^^^^^^
  File "/mount/src/smarketer-pro/b2b_outreach_tool/src/app.py", line 11, in <module>
    from dotenv import load_dotenv
ModuleNotFoundError: No module named 'dotenv'
2026-01-09 22:05:27.432 503 GET /script-health-check (127.0.0.1) 208.92ms
2026-01-09 22:05:32.212 Uncaught app execution
Traceback (most recent call last):
  File "/home/adminuser/venv/lib/python3.13/site-packages/streamlit/runtime/scriptrunner/exec_code.py", line 129, in exec_func_with_error_handling
    result = func()
  File "/home/adminuser/venv/lib/python3.13/site-packages/streamlit/runtime/scriptrunner/script_runner.py", line 671, in code_to_exec
    exec(code, module.__dict__)  # noqa: S102
    ~~~~^^^^^^^^^^^^^^^^^^^^^^^
  File "/mount/src/smarketer-pro/b2b_outreach_tool/src/app.py", line 11, in <module>
    from dotenv import load_dotenv
ModuleNotFoundError: No module named 'dotenv'
2026-01-09 22:05:32.410 503 GET /script-health-check (127.0.0.1) 199.89ms
2026-01-09 22:05:37.222 Uncaught app execution
Traceback (most recent call last):
  File "/home/adminuser/venv/lib/python3.13/site-packages/streamlit/runtime/scriptrunner/exec_code.py", line 129, in exec_func_with_error_handling
    result = func()
  File "/home/adminuser/venv/lib/python3.13/site-packages/streamlit/runtime/scriptrunner/script_runner.py", line 671, in code_to_exec
    exec(code, module.__dict__)  # noqa: S102
    ~~~~^^^^^^^^^^^^^^^^^^^^^^^
  File "/mount/src/smarketer-pro/b2b_outreach_tool/src/app.py", line 11, in <module>
    from dotenv import load_dotenv
ModuleNotFoundError: No module named 'dotenv'
2026-01-09 22:05:37.425 503 GET /script-health-check (127.0.0.1) 204.90ms
2026-01-09 22:05:42.226 Uncaught app execution
Traceback (most recent call last):
  File "/home/adminuser/venv/lib/python3.13/site-packages/streamlit/runtime/scriptrunner/exec_code.py", line 129, in exec_func_with_error_handling
    result = func()
  File "/home/adminuser/venv/lib/python3.13/site-packages/streamlit/runtime/scriptrunner/script_runner.py", line 671, in code_to_exec
    exec(code, module.__dict__)  # noqa: S102
    ~~~~^^^^^^^^^^^^^^^^^^^^^^^
  File "/mount/src/smarketer-pro/b2b_outreach_tool/src/app.py", line 11, in <module>
    from dotenv import load_dotenv
ModuleNotFoundError: No module named 'dotenv'
2026-01-09 22:05:42.427 503 GET /script-health-check (127.0.0.1) 202.75ms
2026-01-09 22:05:47.223 Uncaught app execution
Traceback (most recent call last):
  File "/home/adminuser/venv/lib/python3.13/site-packages/streamlit/runtime/scriptrunner/exec_code.py", line 129, in exec_func_with_error_handling
    result = func()
  File "/home/adminuser/venv/lib/python3.13/site-packages/streamlit/runtime/scriptrunner/script_runner.py", line 671, in code_to_exec
    exec(code, module.__dict__)  # noqa: S102
    ~~~~^^^^^^^^^^^^^^^^^^^^^^^
  File "/mount/src/smarketer-pro/b2b_outreach_tool/src/app.py", line 11, in <module>
    from dotenv import load_dotenv
ModuleNotFoundError: No module named 'dotenv'
2026-01-09 22:05:47.424 503 GET /script-health-check (127.0.0.1) 202.90ms
2026-01-09 22:05:52.224 Uncaught app execution
Traceback (most recent call last):
  File "/home/adminuser/venv/lib/python3.13/site-packages/streamlit/runtime/scriptrunner/exec_code.py", line 129, in exec_func_with_error_handling
    result = func()
  File "/home/adminuser/venv/lib/python3.13/site-packages/streamlit/runtime/scriptrunner/script_runner.py", line 671, in code_to_exec
    exec(code, module.__dict__)  # noqa: S102
    ~~~~^^^^^^^^^^^^^^^^^^^^^^^
  File "/mount/src/smarketer-pro/b2b_outreach_tool/src/app.py", line 11, in <module>
    from dotenv import load_dotenv
ModuleNotFoundError: No module named 'dotenv'
2026-01-09 22:05:52.480 503 GET /script-health-check (127.0.0.1) 256.82ms
2026-01-09 22:05:57.220 Uncaught app execution
Traceback (most recent call last):
  File "/home/adminuser/venv/lib/python3.13/site-packages/streamlit/runtime/scriptrunner/exec_code.py", line 129, in exec_func_with_error_handling
    result = func()
  File "/home/adminuser/venv/lib/python3.13/site-packages/streamlit/runtime/scriptrunner/script_runner.py", line 671, in code_to_exec
    exec(code, module.__dict__)  # noqa: S102
    ~~~~^^^^^^^^^^^^^^^^^^^^^^^
  File "/mount/src/smarketer-pro/b2b_outreach_tool/src/app.py", line 11, in <module>
    from dotenv import load_dotenv
ModuleNotFoundError: No module named 'dotenv'
2026-01-09 22:05:57.422 503 GET /script-health-check (127.0.0.1) 203.78ms
2026-01-09 22:06:02.219 Uncaught app execution
Traceback (most recent call last):
  File "/home/adminuser/venv/lib/python3.13/site-packages/streamlit/runtime/scriptrunner/exec_code.py", line 129, in exec_func_with_error_handling
    result = func()
  File "/home/adminuser/venv/lib/python3.13/site-packages/streamlit/runtime/scriptrunner/script_runner.py", line 671, in code_to_exec
    exec(code, module.__dict__)  # noqa: S102
    ~~~~^^^^^^^^^^^^^^^^^^^^^^^
  File "/mount/src/smarketer-pro/b2b_outreach_tool/src/app.py", line 11, in <module>
    from dotenv import load_dotenv
ModuleNotFoundError: No module named 'dotenv'
2026-01-09 22:06:02.430 503 GET /script-health-check (127.0.0.1) 213.06ms
2026-01-09 22:06:07.214 Uncaught app execution
Traceback (most recent call last):
  File "/home/adminuser/venv/lib/python3.13/site-packages/streamlit/runtime/scriptrunner/exec_code.py", line 129, in exec_func_with_error_handling
    result = func()
  File "/home/adminuser/venv/lib/python3.13/site-packages/streamlit/runtime/scriptrunner/script_runner.py", line 671, in code_to_exec
    exec(code, module.__dict__)  # noqa: S102
    ~~~~^^^^^^^^^^^^^^^^^^^^^^^
  File "/mount/src/smarketer-pro/b2b_outreach_tool/src/app.py", line 11, in <module>
    from dotenv import load_dotenv
ModuleNotFoundError: No module named 'dotenv'
2026-01-09 22:06:07.428 503 GET /script-health-check (127.0.0.1) 215.31ms
2026-01-09 22:06:12.226 Uncaught app execution
Traceback (most recent call last):
  File "/home/adminuser/venv/lib/python3.13/site-packages/streamlit/runtime/scriptrunner/exec_code.py", line 129, in exec_func_with_error_handling
    result = func()
  File "/home/adminuser/venv/lib/python3.13/site-packages/streamlit/runtime/scriptrunner/script_runner.py", line 671, in code_to_exec
    exec(code, module.__dict__)  # noqa: S102
    ~~~~^^^^^^^^^^^^^^^^^^^^^^^
  File "/mount/src/smarketer-pro/b2b_outreach_tool/src/app.py", line 11, in <module>
    from dotenv import load_dotenv
ModuleNotFoundError: No module named 'dotenv'
2026-01-09 22:06:12.431 503 GET /script-health-check (127.0.0.1) 206.90ms
2026-01-09 22:06:17.218 Uncaught app execution
Traceback (most recent call last):
  File "/home/adminuser/venv/lib/python3.13/site-packages/streamlit/runtime/scriptrunner/exec_code.py", line 129, in exec_func_with_error_handling
    result = func()
  File "/home/adminuser/venv/lib/python3.13/site-packages/streamlit/runtime/scriptrunner/script_runner.py", line 671, in code_to_exec
    exec(code, module.__dict__)  # noqa: S102
    ~~~~^^^^^^^^^^^^^^^^^^^^^^^
  File "/mount/src/smarketer-pro/b2b_outreach_tool/src/app.py", line 11, in <module>
    from dotenv import load_dotenv
ModuleNotFoundError: No module named 'dotenv'
2026-01-09 22:06:17.418 503 GET /script-health-check (127.0.0.1) 203.02ms
2026-01-09 22:06:22.224 Uncaught app execution
Traceback (most recent call last):
  File "/home/adminuser/venv/lib/python3.13/site-packages/streamlit/runtime/scriptrunner/exec_code.py", line 129, in exec_func_with_error_handling
    result = func()
  File "/home/adminuser/venv/lib/python3.13/site-packages/streamlit/runtime/scriptrunner/script_runner.py", line 671, in code_to_exec
    exec(code, module.__dict__)  # noqa: S102
    ~~~~^^^^^^^^^^^^^^^^^^^^^^^
  File "/mount/src/smarketer-pro/b2b_outreach_tool/src/app.py", line 11, in <module>
    from dotenv import load_dotenv
ModuleNotFoundError: No module named 'dotenv'
2026-01-09 22:06:22.434 503 GET /script-health-check (127.0.0.1) 212.60ms
2026-01-09 22:06:27.221 Uncaught app execution
Traceback (most recent call last):
  File "/home/adminuser/venv/lib/python3.13/site-packages/streamlit/runtime/scriptrunner/exec_code.py", line 129, in exec_func_with_error_handling
    result = func()
  File "/home/adminuser/venv/lib/python3.13/site-packages/streamlit/runtime/scriptrunner/script_runner.py", line 671, in code_to_exec
    exec(code, module.__dict__)  # noqa: S102
    ~~~~^^^^^^^^^^^^^^^^^^^^^^^
  File "/mount/src/smarketer-pro/b2b_outreach_tool/src/app.py", line 11, in <module>
    from dotenv import load_dotenv
ModuleNotFoundError: No module named 'dotenv'
2026-01-09 22:06:27.441 503 GET /script-health-check (127.0.0.1) 221.72ms
2026-01-09 22:06:32.225 Uncaught app execution
Traceback (most recent call last):
  File "/home/adminuser/venv/lib/python3.13/site-packages/streamlit/runtime/scriptrunner/exec_code.py", line 129, in exec_func_with_error_handling
    result = func()
  File "/home/adminuser/venv/lib/python3.13/site-packages/streamlit/runtime/scriptrunner/script_runner.py", line 671, in code_to_exec
    exec(code, module.__dict__)  # noqa: S102
    ~~~~^^^^^^^^^^^^^^^^^^^^^^^
  File "/mount/src/smarketer-pro/b2b_outreach_tool/src/app.py", line 11, in <module>
    from dotenv import load_dotenv
ModuleNotFoundError: No module named 'dotenv'
2026-01-09 22:06:32.425 503 GET /script-health-check (127.0.0.1) 201.81ms
2026-01-09 22:06:37.219 Uncaught app execution
Traceback (most recent call last):
  File "/home/adminuser/venv/lib/python3.13/site-packages/streamlit/runtime/scriptrunner/exec_code.py", line 129, in exec_func_with_error_handling
    result = func()
  File "/home/adminuser/venv/lib/python3.13/site-packages/streamlit/runtime/scriptrunner/script_runner.py", line 671, in code_to_exec
    exec(code, module.__dict__)  # noqa: S102
    ~~~~^^^^^^^^^^^^^^^^^^^^^^^
  File "/mount/src/smarketer-pro/b2b_outreach_tool/src/app.py", line 11, in <module>
    from dotenv import load_dotenv
ModuleNotFoundError: No module named 'dotenv'
2026-01-09 22:06:37.421 503 GET /script-health-check (127.0.0.1) 204.82ms
2026-01-09 22:06:42.231 Uncaught app execution
Traceback (most recent call last):
  File "/home/adminuser/venv/lib/python3.13/site-packages/streamlit/runtime/scriptrunner/exec_code.py", line 129, in exec_func_with_error_handling
    result = func()
  File "/home/adminuser/venv/lib/python3.13/site-packages/streamlit/runtime/scriptrunner/script_runner.py", line 671, in code_to_exec
    exec(code, module.__dict__)  # noqa: S102
    ~~~~^^^^^^^^^^^^^^^^^^^^^^^
  File "/mount/src/smarketer-pro/b2b_outreach_tool/src/app.py", line 11, in <module>
    from dotenv import load_dotenv
ModuleNotFoundError: No module named 'dotenv'
2026-01-09 22:06:42.432 503 GET /script-health-check (127.0.0.1) 202.49ms
2026-01-09 22:06:47.222 Uncaught app execution
Traceback (most recent call last):
  File "/home/adminuser/venv/lib/python3.13/site-packages/streamlit/runtime/scriptrunner/exec_code.py", line 129, in exec_func_with_error_handling
    result = func()
  File "/home/adminuser/venv/lib/python3.13/site-packages/streamlit/runtime/scriptrunner/script_runner.py", line 671, in code_to_exec
    exec(code, module.__dict__)  # noqa: S102
    ~~~~^^^^^^^^^^^^^^^^^^^^^^^
  File "/mount/src/smarketer-pro/b2b_outreach_tool/src/app.py", line 11, in <module>
    from dotenv import load_dotenv
ModuleNotFoundError: No module named 'dotenv'
2026-01-09 22:06:47.437 503 GET /script-health-check (127.0.0.1) 216.09ms
2026-01-09 22:06:52.217 Uncaught app execution
Traceback (most recent call last):
  File "/home/adminuser/venv/lib/python3.13/site-packages/streamlit/runtime/scriptrunner/exec_code.py", line 129, in exec_func_with_error_handling
    result = func()
  File "/home/adminuser/venv/lib/python3.13/site-packages/streamlit/runtime/scriptrunner/script_runner.py", line 671, in code_to_exec
    exec(code, module.__dict__)  # noqa: S102
    ~~~~^^^^^^^^^^^^^^^^^^^^^^^
  File "/mount/src/smarketer-pro/b2b_outreach_tool/src/app.py", line 11, in <module>
    from dotenv import load_dotenv
ModuleNotFoundError: No module named 'dotenv'
2026-01-09 22:06:52.437 503 GET /script-health-check (127.0.0.1) 221.59ms
2026-01-09 22:06:54.072 Uncaught app execution
Traceback (most recent call last):
  File "/home/adminuser/venv/lib/python3.13/site-packages/streamlit/runtime/scriptrunner/exec_code.py", line 129, in exec_func_with_error_handling
    result = func()
  File "/home/adminuser/venv/lib/python3.13/site-packages/streamlit/runtime/scriptrunner/script_runner.py", line 671, in code_to_exec
    exec(code, module.__dict__)  # noqa: S102
    ~~~~^^^^^^^^^^^^^^^^^^^^^^^
  File "/mount/src/smarketer-pro/b2b_outreach_tool/src/app.py", line 11, in <module>
    from dotenv import load_dotenv
ModuleNotFoundError: No module named 'dotenv'
2026-01-09 22:06:57.220 Uncaught app execution
Traceback (most recent call last):
  File "/home/adminuser/venv/lib/python3.13/site-packages/streamlit/runtime/scriptrunner/exec_code.py", line 129, in exec_func_with_error_handling
    result = func()
  File "/home/adminuser/venv/lib/python3.13/site-packages/streamlit/runtime/scriptrunner/script_runner.py", line 671, in code_to_exec
    exec(code, module.__dict__)  # noqa: S102
    ~~~~^^^^^^^^^^^^^^^^^^^^^^^
  File "/mount/src/smarketer-pro/b2b_outreach_tool/src/app.py", line 11, in <module>
    from dotenv import load_dotenv
ModuleNotFoundError: No module named 'dotenv'
2026-01-09 22:06:57.421 503 GET /script-health-check (127.0.0.1) 202.72ms
2026-01-09 22:07:02.250 Uncaught app execution
Traceback (most recent call last):
  File "/home/adminuser/venv/lib/python3.13/site-packages/streamlit/runtime/scriptrunner/exec_code.py", line 129, in exec_func_with_error_handling
    result = func()
  File "/home/adminuser/venv/lib/python3.13/site-packages/streamlit/runtime/scriptrunner/script_runner.py", line 671, in code_to_exec
    exec(code, module.__dict__)  # noqa: S102
    ~~~~^^^^^^^^^^^^^^^^^^^^^^^
  File "/mount/src/smarketer-pro/b2b_outreach_tool/src/app.py", line 11, in <module>
    from dotenv import load_dotenv
ModuleNotFoundError: No module named 'dotenv'
2026-01-09 22:07:02.479 503 GET /script-health-check (127.0.0.1) 231.48ms
2026-01-09 22:07:07.244 Uncaught app execution
Traceback (most recent call last):
  File "/home/adminuser/venv/lib/python3.13/site-packages/streamlit/runtime/scriptrunner/exec_code.py", line 129, in exec_func_with_error_handling
    result = func()
  File "/home/adminuser/venv/lib/python3.13/site-packages/streamlit/runtime/scriptrunner/script_runner.py", line 671, in code_to_exec
    exec(code, module.__dict__)  # noqa: S102
    ~~~~^^^^^^^^^^^^^^^^^^^^^^^
  File "/mount/src/smarketer-pro/b2b_outreach_tool/src/app.py", line 11, in <module>
    from dotenv import load_dotenv
ModuleNotFoundError: No module named 'dotenv'
2026-01-09 22:07:07.448 503 GET /script-health-check (127.0.0.1) 206.63ms
2026-01-09 22:07:12.217 Uncaught app execution
Traceback (most recent call last):
  File "/home/adminuser/venv/lib/python3.13/site-packages/streamlit/runtime/scriptrunner/exec_code.py", line 129, in exec_func_with_error_handling
    result = func()
  File "/home/adminuser/venv/lib/python3.13/site-packages/streamlit/runtime/scriptrunner/script_runner.py", line 671, in code_to_exec
    exec(code, module.__dict__)  # noqa: S102
    ~~~~^^^^^^^^^^^^^^^^^^^^^^^
  File "/mount/src/smarketer-pro/b2b_outreach_tool/src/app.py", line 11, in <module>
    from dotenv import load_dotenv
ModuleNotFoundError: No module named 'dotenv'
2026-01-09 22:07:12.418 503 GET /script-health-check (127.0.0.1) 203.40ms
2026-01-09 22:07:17.219 Uncaught app execution
Traceback (most recent call last):
  File "/home/adminuser/venv/lib/python3.13/site-packages/streamlit/runtime/scriptrunner/exec_code.py", line 129, in exec_func_with_error_handling
    result = func()
  File "/home/adminuser/venv/lib/python3.13/site-packages/streamlit/runtime/scriptrunner/script_runner.py", line 671, in code_to_exec
    exec(code, module.__dict__)  # noqa: S102
    ~~~~^^^^^^^^^^^^^^^^^^^^^^^
  File "/mount/src/smarketer-pro/b2b_outreach_tool/src/app.py", line 11, in <module>
    from dotenv import load_dotenv
ModuleNotFoundError: No module named 'dotenv'
2026-01-09 22:07:17.426 503 GET /script-health-check (127.0.0.1) 209.34ms
2026-01-09 22:07:22.231 Uncaught app execution
Traceback (most recent call last):
  File "/home/adminuser/venv/lib/python3.13/site-packages/streamlit/runtime/scriptrunner/exec_code.py", line 129, in exec_func_with_error_handling
    result = func()
  File "/home/adminuser/venv/lib/python3.13/site-packages/streamlit/runtime/scriptrunner/script_runner.py", line 671, in code_to_exec
    exec(code, module.__dict__)  # noqa: S102
    ~~~~^^^^^^^^^^^^^^^^^^^^^^^
  File "/mount/src/smarketer-pro/b2b_outreach_tool/src/app.py", line 11, in <module>
    from dotenv import load_dotenv
ModuleNotFoundError: No module named 'dotenv'
2026-01-09 22:07:22.449 503 GET /script-health-check (127.0.0.1) 220.22ms
2026-01-09 22:07:27.220 Uncaught app execution
Traceback (most recent call last):
  File "/home/adminuser/venv/lib/python3.13/site-packages/streamlit/runtime/scriptrunner/exec_code.py", line 129, in exec_func_with_error_handling
    result = func()
  File "/home/adminuser/venv/lib/python3.13/site-packages/streamlit/runtime/scriptrunner/script_runner.py", line 671, in code_to_exec
    exec(code, module.__dict__)  # noqa: S102
    ~~~~^^^^^^^^^^^^^^^^^^^^^^^
  File "/mount/src/smarketer-pro/b2b_outreach_tool/src/app.py", line 11, in <module>
    from dotenv import load_dotenv
ModuleNotFoundError: No module named 'dotenv'
2026-01-09 22:07:27.428 503 GET /script-health-check (127.0.0.1) 209.17ms
2026-01-09 22:07:32.267 Uncaught app execution
Traceback (most recent call last):
  File "/home/adminuser/venv/lib/python3.13/site-packages/streamlit/runtime/scriptrunner/exec_code.py", line 129, in exec_func_with_error_handling
    result = func()
  File "/home/adminuser/venv/lib/python3.13/site-packages/streamlit/runtime/scriptrunner/script_runner.py", line 671, in code_to_exec
    exec(code, module.__dict__)  # noqa: S102
    ~~~~^^^^^^^^^^^^^^^^^^^^^^^
  File "/mount/src/smarketer-pro/b2b_outreach_tool/src/app.py", line 11, in <module>
    from dotenv import load_dotenv
ModuleNotFoundError: No module named 'dotenv'
2026-01-09 22:07:32.505 503 GET /script-health-check (127.0.0.1) 240.53ms
2026-01-09 22:07:37.228 Uncaught app execution
Traceback (most recent call last):
  File "/home/adminuser/venv/lib/python3.13/site-packages/streamlit/runtime/scriptrunner/exec_code.py", line 129, in exec_func_with_error_handling
    result = func()
  File "/home/adminuser/venv/lib/python3.13/site-packages/streamlit/runtime/scriptrunner/script_runner.py", line 671, in code_to_exec
    exec(code, module.__dict__)  # noqa: S102
    ~~~~^^^^^^^^^^^^^^^^^^^^^^^
  File "/mount/src/smarketer-pro/b2b_outreach_tool/src/app.py", line 11, in <module>
    from dotenv import load_dotenv
ModuleNotFoundError: No module named 'dotenv'
2026-01-09 22:07:37.435 503 GET /script-health-check (127.0.0.1) 208.13ms
2026-01-09 22:07:42.225 Uncaught app execution
Traceback (most recent call last):
  File "/home/adminuser/venv/lib/python3.13/site-packages/streamlit/runtime/scriptrunner/exec_code.py", line 129, in exec_func_with_error_handling
    result = func()
  File "/home/adminuser/venv/lib/python3.13/site-packages/streamlit/runtime/scriptrunner/script_runner.py", line 671, in code_to_exec
    exec(code, module.__dict__)  # noqa: S102
    ~~~~^^^^^^^^^^^^^^^^^^^^^^^
  File "/mount/src/smarketer-pro/b2b_outreach_tool/src/app.py", line 11, in <module>
    from dotenv import load_dotenv
ModuleNotFoundError: No module named 'dotenv'
2026-01-09 22:07:42.469 503 GET /script-health-check (127.0.0.1) 246.15ms
2026-01-09 22:07:47.228 Uncaught app execution
Traceback (most recent call last):
  File "/home/adminuser/venv/lib/python3.13/site-packages/streamlit/runtime/scriptrunner/exec_code.py", line 129, in exec_func_with_error_handling
    result = func()
  File "/home/adminuser/venv/lib/python3.13/site-packages/streamlit/runtime/scriptrunner/script_runner.py", line 671, in code_to_exec
    exec(code, module.__dict__)  # noqa: S102
    ~~~~^^^^^^^^^^^^^^^^^^^^^^^
  File "/mount/src/smarketer-pro/b2b_outreach_tool/src/app.py", line 11, in <module>
    from dotenv import load_dotenv
ModuleNotFoundError: No module named 'dotenv'
2026-01-09 22:07:47.443 503 GET /script-health-check (127.0.0.1) 216.80ms
2026-01-09 22:07:52.219 Uncaught app execution
Traceback (most recent call last):
  File "/home/adminuser/venv/lib/python3.13/site-packages/streamlit/runtime/scriptrunner/exec_code.py", line 129, in exec_func_with_error_handling
    result = func()
  File "/home/adminuser/venv/lib/python3.13/site-packages/streamlit/runtime/scriptrunner/script_runner.py", line 671, in code_to_exec
    exec(code, module.__dict__)  # noqa: S102
    ~~~~^^^^^^^^^^^^^^^^^^^^^^^
  File "/mount/src/smarketer-pro/b2b_outreach_tool/src/app.py", line 11, in <module>
    from dotenv import load_dotenv
ModuleNotFoundError: No module named 'dotenv'
2026-01-09 22:07:52.452 503 GET /script-health-check (127.0.0.1) 234.97ms
2026-01-09 22:07:57.232 Uncaught app execution
Traceback (most recent call last):
  File "/home/adminuser/venv/lib/python3.13/site-packages/streamlit/runtime/scriptrunner/exec_code.py", line 129, in exec_func_with_error_handling
    result = func()
  File "/home/adminuser/venv/lib/python3.13/site-packages/streamlit/runtime/scriptrunner/script_runner.py", line 671, in code_to_exec
    exec(code, module.__dict__)  # noqa: S102
    ~~~~^^^^^^^^^^^^^^^^^^^^^^^
  File "/mount/src/smarketer-pro/b2b_outreach_tool/src/app.py", line 11, in <module>
    from dotenv import load_dotenv
ModuleNotFoundError: No module named 'dotenv'
2026-01-09 22:07:57.437 503 GET /script-health-check (127.0.0.1) 207.34ms
2026-01-09 22:08:02.220 Uncaught app execution
Traceback (most recent call last):
  File "/home/adminuser/venv/lib/python3.13/site-packages/streamlit/runtime/scriptrunner/exec_code.py", line 129, in exec_func_with_error_handling
    result = func()
  File "/home/adminuser/venv/lib/python3.13/site-packages/streamlit/runtime/scriptrunner/script_runner.py", line 671, in code_to_exec
    exec(code, module.__dict__)  # noqa: S102
    ~~~~^^^^^^^^^^^^^^^^^^^^^^^
  File "/mount/src/smarketer-pro/b2b_outreach_tool/src/app.py", line 11, in <module>
    from dotenv import load_dotenv
ModuleNotFoundError: No module named 'dotenv'
2026-01-09 22:08:02.428 503 GET /script-health-check (127.0.0.1) 209.98ms
2026-01-09 22:08:07.221 Uncaught app execution
Traceback (most recent call last):
  File "/home/adminuser/venv/lib/python3.13/site-packages/streamlit/runtime/scriptrunner/exec_code.py", line 129, in exec_func_with_error_handling
    result = func()
  File "/home/adminuser/venv/lib/python3.13/site-packages/streamlit/runtime/scriptrunner/script_runner.py", line 671, in code_to_exec
    exec(code, module.__dict__)  # noqa: S102
    ~~~~^^^^^^^^^^^^^^^^^^^^^^^
  File "/mount/src/smarketer-pro/b2b_outreach_tool/src/app.py", line 11, in <module>
    from dotenv import load_dotenv
ModuleNotFoundError: No module named 'dotenv'
2026-01-09 22:08:07.433 503 GET /script-health-check (127.0.0.1) 213.84ms
2026-01-09 22:08:12.227 Uncaught app execution
Traceback (most recent call last):
  File "/home/adminuser/venv/lib/python3.13/site-packages/streamlit/runtime/scriptrunner/exec_code.py", line 129, in exec_func_with_error_handling
    result = func()
  File "/home/adminuser/venv/lib/python3.13/site-packages/streamlit/runtime/scriptrunner/script_runner.py", line 671, in code_to_exec
    exec(code, module.__dict__)  # noqa: S102
    ~~~~^^^^^^^^^^^^^^^^^^^^^^^
  File "/mount/src/smarketer-pro/b2b_outreach_tool/src/app.py", line 11, in <module>
    from dotenv import load_dotenv
ModuleNotFoundError: No module named 'dotenv'
2026-01-09 22:08:12.449 503 GET /script-health-check (127.0.0.1) 223.25ms
2026-01-09 22:08:17.225 Uncaught app execution
Traceback (most recent call last):
  File "/home/adminuser/venv/lib/python3.13/site-packages/streamlit/runtime/scriptrunner/exec_code.py", line 129, in exec_func_with_error_handling
    result = func()
  File "/home/adminuser/venv/lib/python3.13/site-packages/streamlit/runtime/scriptrunner/script_runner.py", line 671, in code_to_exec
    exec(code, module.__dict__)  # noqa: S102
    ~~~~^^^^^^^^^^^^^^^^^^^^^^^
  File "/mount/src/smarketer-pro/b2b_outreach_tool/src/app.py", line 11, in <module>
    from dotenv import load_dotenv
ModuleNotFoundError: No module named 'dotenv'
2026-01-09 22:08:17.431 503 GET /script-health-check (127.0.0.1) 208.00ms
2026-01-09 22:08:22.219 Uncaught app execution
Traceback (most recent call last):
  File "/home/adminuser/venv/lib/python3.13/site-packages/streamlit/runtime/scriptrunner/exec_code.py", line 129, in exec_func_with_error_handling
    result = func()
  File "/home/adminuser/venv/lib/python3.13/site-packages/streamlit/runtime/scriptrunner/script_runner.py", line 671, in code_to_exec
    exec(code, module.__dict__)  # noqa: S102
    ~~~~^^^^^^^^^^^^^^^^^^^^^^^
  File "/mount/src/smarketer-pro/b2b_outreach_tool/src/app.py", line 11, in <module>
    from dotenv import load_dotenv
ModuleNotFoundError: No module named 'dotenv'
2026-01-09 22:08:22.429 503 GET /script-health-check (127.0.0.1) 212.14ms
2026-01-09 22:08:27.223 Uncaught app execution
Traceback (most recent call last):
  File "/home/adminuser/venv/lib/python3.13/site-packages/streamlit/runtime/scriptrunner/exec_code.py", line 129, in exec_func_with_error_handling
    result = func()
  File "/home/adminuser/venv/lib/python3.13/site-packages/streamlit/runtime/scriptrunner/script_runner.py", line 671, in code_to_exec
    exec(code, module.__dict__)  # noqa: S102
    ~~~~^^^^^^^^^^^^^^^^^^^^^^^
  File "/mount/src/smarketer-pro/b2b_outreach_tool/src/app.py", line 11, in <module>
    from dotenv import load_dotenv
ModuleNotFoundError: No module named 'dotenv'
2026-01-09 22:08:27.430 503 GET /script-health-check (127.0.0.1) 208.88ms
[22:08:27] üêô Pulling code changes from Github...
2026-01-09 22:08:32.265 Uncaught app execution
Traceback (most recent call last):
  File "/home/adminuser/venv/lib/python3.13/site-packages/streamlit/runtime/scriptrunner/exec_code.py", line 129, in exec_func_with_error_handling
    result = func()
  File "/home/adminuser/venv/lib/python3.13/site-packages/streamlit/runtime/scriptrunner/script_runner.py", line 671, in code_to_exec
    exec(code, module.__dict__)  # noqa: S102
    ~~~~^^^^^^^^^^^^^^^^^^^^^^^
  File "/mount/src/smarketer-pro/b2b_outreach_tool/src/app.py", line 11, in <module>
    from dotenv import load_dotenv
ModuleNotFoundError: No module named 'dotenv'
2026-01-09 22:08:32.481 503 GET /script-health-check (127.0.0.1) 218.57ms
[22:08:33] üì¶ Processing dependencies...

‚îÄ‚îÄ‚îÄ‚îÄ‚îÄ‚îÄ‚îÄ‚îÄ‚îÄ‚îÄ‚îÄ‚îÄ‚îÄ‚îÄ‚îÄ‚îÄ‚îÄ‚îÄ‚îÄ‚îÄ‚îÄ‚îÄ‚îÄ‚îÄ‚îÄ‚îÄ‚îÄ‚îÄ‚îÄ‚îÄ‚îÄ‚îÄ‚îÄ‚îÄ‚îÄ‚îÄ‚îÄ‚îÄ‚îÄ‚îÄ uv ‚îÄ‚îÄ‚îÄ‚îÄ‚îÄ‚îÄ‚îÄ‚îÄ‚îÄ‚îÄ‚îÄ‚îÄ‚îÄ‚îÄ‚îÄ‚îÄ‚îÄ‚îÄ‚îÄ‚îÄ‚îÄ‚îÄ‚îÄ‚îÄ‚îÄ‚îÄ‚îÄ‚îÄ‚îÄ‚îÄ‚îÄ‚îÄ‚îÄ‚îÄ‚îÄ‚îÄ‚îÄ‚îÄ‚îÄ‚îÄ‚îÄ‚îÄ‚îÄ

Using uv pip install.
Using Python 3.13.11 environment at /home/adminuser/venv
Resolved 94 packages in 912ms
  √ó Failed to download and build `llvmlite==0.36.0`
  ‚ï∞‚îÄ‚ñ∂ Build backend failed to determine requirements with `build_wheel()`
      (exit status: 1)

      [stderr]
      Traceback (most recent call last):
        File "<string>", line 14, in <module>
          requires = get_requires_for_build({})
        File
      "/home/adminuser/.cache/uv/builds-v0/.tmpvkpv7w/lib/python3.13/site-packages/setuptools/build_meta.py",
      line 331, in get_requires_for_build_wheel
          return self._get_build_requires(config_settings, requirements=[])
                 ~~~~~~~~~~~~~~~~~~~~~~~~^^^^^^^^^^^^^^^^^^^^^^^^^^^^^^^^^^
        File
      "/home/adminuser/.cache/uv/builds-v0/.tmpvkpv7w/lib/python3.13/site-packages/setuptools/build_meta.py",
      line 301, in _get_build_requires
          self.run_setup()
          ~~~~~~~~~~~~~~^^
        File
      "/home/adminuser/.cache/uv/builds-v0/.tmpvkpv7w/lib/python3.13/site-packages/setuptools/build_meta.py",
      line 512, in run_setup
          super().run_setup(setup_script=setup_script)
          ~~~~~~~~~~~~~~~~~^^^^^^^^^^^^^^^^^^^^^^^^^^^
        File
      "/home/adminuser/.cache/uv/builds-v0/.tmpvkpv7w/lib/python3.13/site-packages/setuptools/build_meta.py",
      line 317, in run_setup
          exec(code, locals())
          ~~~~^^^^^^^^^^^^^^^^
        File "<string>", line 55, in <module>
        File "<string>", line 52, in _guard_py_ver
      RuntimeError: Cannot install on Python version 3.13.11; only versions
      >=3.6,<3.10 are supported.

  help: `llvmlite` was included because `openai-whisper==20250625` depends
        on `numba==0.53.1` which depends on `llvmlite`
Checking if Streamlit is installed
2026-01-09 22:08:37.293 Uncaught app execution
Traceback (most recent call last):
  File "/home/adminuser/venv/lib/python3.13/site-packages/streamlit/runtime/scriptrunner/exec_code.py", line 129, in exec_func_with_error_handling
    result = func()
  File "/home/adminuser/venv/lib/python3.13/site-packages/streamlit/runtime/scriptrunner/script_runner.py", line 671, in code_to_exec
    exec(code, module.__dict__)  # noqa: S102
    ~~~~^^^^^^^^^^^^^^^^^^^^^^^
  File "/mount/src/smarketer-pro/b2b_outreach_tool/src/app.py", line 11, in <module>
    from dotenv import load_dotenv
ModuleNotFoundError: No module named 'dotenv'
2026-01-09 22:08:37.500 503 GET /script-health-check (127.0.0.1) 209.05ms
Found Streamlit version 1.52.2 in the environment
Installing rich for an improved exception logging
Using uv pip install.
Using Python 3.13.11 environment at /home/adminuser/venv
Resolved 4 packages in 131ms
Prepared 4 packages in 121ms
Installed 4 packages in 15ms
 + markdown-it-py==4.0.0
 + mdurl[2026-01-09 22:08:38.219029] ==0.1.2
 + pygments==2.19.2
 + rich==14.2.0

‚îÄ‚îÄ‚îÄ‚îÄ‚îÄ‚îÄ‚îÄ‚îÄ‚îÄ‚îÄ‚îÄ‚îÄ‚îÄ‚îÄ‚îÄ‚îÄ‚îÄ‚îÄ‚îÄ‚îÄ‚îÄ‚îÄ‚îÄ‚îÄ‚îÄ‚îÄ‚îÄ‚îÄ‚îÄ‚îÄ‚îÄ‚îÄ‚îÄ‚îÄ‚îÄ‚îÄ‚îÄ‚îÄ‚îÄ‚îÄ‚îÄ‚îÄ‚îÄ‚îÄ‚îÄ‚îÄ‚îÄ‚îÄ‚îÄ‚îÄ‚îÄ‚îÄ‚îÄ‚îÄ‚îÄ‚îÄ‚îÄ‚îÄ‚îÄ‚îÄ‚îÄ‚îÄ‚îÄ‚îÄ‚îÄ‚îÄ‚îÄ‚îÄ‚îÄ‚îÄ‚îÄ‚îÄ‚îÄ‚îÄ‚îÄ‚îÄ‚îÄ‚îÄ‚îÄ‚îÄ‚îÄ‚îÄ‚îÄ‚îÄ‚îÄ‚îÄ‚îÄ‚îÄ


‚îÄ‚îÄ‚îÄ‚îÄ‚îÄ‚îÄ‚îÄ‚îÄ‚îÄ‚îÄ‚îÄ‚îÄ‚îÄ‚îÄ‚îÄ‚îÄ‚îÄ‚îÄ‚îÄ‚îÄ‚îÄ‚îÄ‚îÄ‚îÄ‚îÄ‚îÄ‚îÄ‚îÄ‚îÄ‚îÄ‚îÄ‚îÄ‚îÄ‚îÄ‚îÄ‚îÄ‚îÄ‚îÄ‚îÄ‚îÄ pip ‚îÄ‚îÄ‚îÄ‚îÄ‚îÄ‚îÄ‚îÄ‚îÄ‚îÄ‚îÄ‚îÄ‚îÄ‚îÄ‚îÄ‚îÄ‚îÄ‚îÄ‚îÄ‚îÄ‚îÄ‚îÄ‚îÄ‚îÄ‚îÄ‚îÄ‚îÄ‚îÄ‚îÄ‚îÄ‚îÄ‚îÄ‚îÄ‚îÄ‚îÄ‚îÄ‚îÄ‚îÄ‚îÄ‚îÄ‚îÄ‚îÄ‚îÄ‚îÄ

Using standard pip install.
Collecting requests (from -r /mount/src/smarketer-pro/requirements.txt (line 1))
  Downloading requests-2.32.5-py3-none-any.whl.metadata (4.9 kB)
Collecting streamlit (from -r /mount/src/smarketer-pro/requirements.txt (line 2))
  Downloading streamlit-1.52.2-py3-none-any.whl.metadata (9.8 kB)
Collecting python-dotenv (from -r /mount/src/smarketer-pro/requirements.txt (line 3))
  Downloading python_dotenv-1.2.1-py3-none-any.whl.metadata (25 kB)
Collecting pandas (from -r /mount/src/smarketer-pro/requirements.txt (line 4))
  Downloading pandas-2.3.3-cp313-cp313-manylinux_2_24_x86_64.manylinux_2_28_x86_64.whl.metadata (91 kB)
     ‚îÅ‚îÅ‚îÅ‚îÅ‚îÅ‚îÅ‚îÅ‚îÅ‚îÅ‚îÅ‚îÅ‚îÅ‚îÅ‚îÅ‚îÅ‚îÅ‚îÅ‚îÅ‚îÅ‚îÅ‚îÅ‚îÅ‚îÅ‚îÅ‚îÅ‚îÅ‚îÅ‚îÅ‚îÅ‚îÅ‚îÅ‚îÅ‚îÅ‚îÅ‚îÅ‚îÅ‚îÅ‚îÅ‚îÅ‚îÅ 91.2/91.2 kB 8.6 MB/s eta 0:00:00[2026-01-09 22:08:39.700120] 
Collecting beautifulsoup4 (from -r /mount/src/smarketer-pro/requirements.txt (line 5))
  Downloading beautifulsoup4-4.14.3-py3-none-any.whl.metadata (3.8 kB)
Collecting lxml (from -r /mount/src/smarketer-pro/requirements.txt (line 6))
  Downloading lxml-6.0.2-cp313-cp313-manylinux_2_26_x86_64.manylinux_2_28_x86_64.whl.metadata (3.6 kB)
Collecting pyyaml (from -r /mount/src/smarketer-pro/requirements.txt (line 7))
  Downloading pyyaml-6.0.3-cp313-cp313-manylinux2014_x86_64.manylinux_2_17_x86_64.manylinux_2_28_x86_64.whl.metadata (2.4 kB)
Collecting aiohttp (from -r /mount/src/smarketer-pro/requirements.txt (line 8))
  Downloading aiohttp-3.13.3-cp313-cp313-manylinux2014_x86_64.manylinux_2_17_x86_64.manylinux_2_28_x86_64.whl.metadata (8.1 kB)
Collecting aiodns (from -r /mount/src/smarketer-pro/requirements.txt (line 9))
  Downloading aiodns-3.6.1-py3-none-any.whl.metadata (5.8 kB)
Collecting flask (from -r /mount/src/smarketer-pro/requirements.txt (line 10))
  Downloading flask-3.1.2-py3-none-any.whl.metadata (3.2 kB)
Collecting playwright (from -r /mount/src/smarketer-pro/requirements.txt (line 11))
  Downloading playwright-1.57.0-py3-none-manylinux1_x86_64.whl.metadata (3.5 kB)
Collecting openai-whisper (from -r /mount/src/smarketer-pro/requirements.txt (line 12))
  Downloading openai_whisper-20250625.tar.gz (803 kB)
     ‚îÅ‚îÅ‚îÅ‚îÅ‚îÅ‚îÅ‚îÅ‚îÅ‚îÅ‚îÅ‚îÅ‚îÅ‚îÅ‚îÅ‚îÅ‚îÅ‚îÅ‚îÅ‚îÅ‚îÅ‚îÅ‚îÅ‚îÅ‚îÅ‚îÅ‚îÅ‚îÅ‚îÅ‚îÅ‚îÅ‚îÅ‚îÅ‚îÅ‚îÅ‚îÅ‚îÅ‚îÅ‚îÅ 803.2/803.2 kB 52.2 MB/s eta 0:00:00[2026-01-09 22:08:41.027664] 
  Installing build dependencies: started
‚îÄ‚îÄ‚îÄ‚îÄ‚îÄ‚îÄ‚îÄ‚îÄ‚îÄ‚îÄ‚îÄ‚îÄ‚îÄ‚îÄ‚îÄ‚îÄ‚îÄ‚îÄ‚îÄ‚îÄ‚îÄ‚îÄ Traceback (most recent call last) ‚îÄ‚îÄ‚îÄ‚îÄ‚îÄ‚îÄ‚îÄ‚îÄ‚îÄ‚îÄ‚îÄ‚îÄ‚îÄ‚îÄ‚îÄ‚îÄ‚îÄ‚îÄ‚îÄ‚îÄ‚îÄ‚îÄ‚îÄ
  /home/adminuser/venv/lib/python3.13/site-packages/streamlit/runtime/scriptru  
  nner/exec_code.py:129 in exec_func_with_error_handling                        
                                                                                
  /home/adminuser/venv/lib/python3.13/site-packages/streamlit/runtime/scriptru  
  nner/script_runner.py:671 in code_to_exec                                     
                                                                                
  /mount/src/smarketer-pro/b2b_outreach_tool/src/app.py:11 in <module>          
                                                                                
       8 import subprocess                                                      
       9 import platform                                                        
      10 from datetime import datetime                                          
  ‚ù±   11 from dotenv import load_dotenv                                         
      12 import psutil                                                          
      13 import json                                                            
      14 from utils.logger_service import start_global_logging                  
‚îÄ‚îÄ‚îÄ‚îÄ‚îÄ‚îÄ‚îÄ‚îÄ‚îÄ‚îÄ‚îÄ‚îÄ‚îÄ‚îÄ‚îÄ‚îÄ‚îÄ‚îÄ‚îÄ‚îÄ‚îÄ‚îÄ‚îÄ‚îÄ‚îÄ‚îÄ‚îÄ‚îÄ‚îÄ‚îÄ‚îÄ‚îÄ‚îÄ‚îÄ‚îÄ‚îÄ‚îÄ‚îÄ‚îÄ‚îÄ‚îÄ‚îÄ‚îÄ‚îÄ‚îÄ‚îÄ‚îÄ‚îÄ‚îÄ‚îÄ‚îÄ‚îÄ‚îÄ‚îÄ‚îÄ‚îÄ‚îÄ‚îÄ‚îÄ‚îÄ‚îÄ‚îÄ‚îÄ‚îÄ‚îÄ‚îÄ‚îÄ‚îÄ‚îÄ‚îÄ‚îÄ‚îÄ‚îÄ‚îÄ‚îÄ‚îÄ‚îÄ‚îÄ‚îÄ‚îÄ
ModuleNotFoundError: No module named 'dotenv'
2026-01-09 22:08:42.698 503 GET /script-health-check (127.0.0.1) 481.39ms
  Installing build dependencies: finished with status 'done'
  Getting requirements to build wheel: started
  Getting requirements to build wheel: finished with status 'done'
  Preparing metadata (pyproject.toml): started
  Preparing metadata (pyproject.toml): finished with status 'done'
Collecting torch (from -r /mount/src/smarketer-pro/requirements.txt (line 13))
  Downloading torch-2.9.1-cp313-cp313-manylinux_2_28_x86_64.whl.metadata (30 kB)
Collecting ffmpeg-python (from -r /mount/src/smarketer-pro/requirements.txt (line 14))
  Downloading ffmpeg_python-0.2.0-py3-none-any.whl.metadata (1.7 kB)
Collecting fpdf2 (from -r /mount/src/smarketer-pro/requirements.txt (line 15))
  Downloading fpdf2-2.8.5-py3-none-any.whl.metadata (76 kB)
     ‚îÅ‚îÅ‚îÅ‚îÅ‚îÅ‚îÅ‚îÅ‚îÅ‚îÅ‚îÅ‚îÅ‚îÅ‚îÅ‚îÅ‚îÅ‚îÅ‚îÅ‚îÅ‚îÅ‚îÅ‚îÅ‚îÅ‚îÅ‚îÅ‚îÅ‚îÅ‚îÅ‚îÅ‚îÅ‚îÅ‚îÅ‚îÅ‚îÅ‚îÅ‚îÅ‚îÅ‚îÅ‚îÅ‚îÅ 76.9/76.9 kB 191.0 MB/s eta 0:00:00[2026-01-09 22:08:44.502918] 
Collecting charset_normalizer<4,>=2 (from requests->-r /mount/src/smarketer-pro/requirements.txt (line 1))
  Downloading charset_normalizer-3.4.4-cp313-cp313-manylinux2014_x86_64.manylinux_2_17_x86_64.manylinux_2_28_x86_64.whl.metadata (37 kB)
Collecting idna<4,>=2.5 (from requests->-r /mount/src/smarketer-pro/requirements.txt (line 1))
  Downloading idna-3.11-py3-none-any.whl.metadata (8.4 kB)
Collecting urllib3<3,>=1.21.1 (from requests->-r /mount/src/smarketer-pro/requirements.txt (line 1))
  Downloading urllib3-2.6.3-py3-none-any.whl.metadata (6.9 kB)
Collecting certifi>=2017.4.17 (from requests->-r /mount/src/smarketer-pro/requirements.txt (line 1))
  Downloading certifi-2026.1.4-py3-none-any.whl.metadata (2.5 kB)
Collecting altair!=5.4.0,!=5.4.1,<7,>=4.0 (from streamlit->-r /mount/src/smarketer-pro/requirements.txt (line 2))
  Downloading altair-6.0.0-py3-none-any.whl.metadata (11 kB)
Collecting blinker<2,>=1.5.0 (from streamlit->-r /mount/src/smarketer-pro/requirements.txt (line 2))
  Downloading blinker-1.9.0-py3-none-any.whl.metadata (1.6 kB)
Collecting cachetools<7,>=4.0 (from streamlit->-r /mount/src/smarketer-pro/requirements.txt (line 2))
  Downloading cachetools-6.2.4-py3-none-any.whl.metadata (5.6 kB)
Collecting click<9,>=7.0 (from streamlit->-r /mount/src/smarketer-pro/requirements.txt (line 2))
  Downloading click-8.3.1-py3-none-any.whl.metadata (2.6 kB)
Collecting numpy<3,>=1.23 (from streamlit->-r /mount/src/smarketer-pro/requirements.txt (line 2))
  Downloading numpy-2.4.0-cp313-cp313-manylinux_2_27_x86_64.manylinux_2_28_x86_64.whl.metadata (6.6 kB)
Collecting packaging>=20 (from streamlit->-r /mount/src/smarketer-pro/requirements.txt (line 2))
  Downloading packaging-25.0-py3-none-any.whl.metadata (3.3 kB)
Collecting pillow<13,>=7.1.0 (from streamlit->-r /mount/src/smarketer-pro/requirements.txt (line 2))
  Downloading pillow-12.1.0-cp313-cp313-manylinux_2_27_x86_64.manylinux_2_28_x86_64.whl.metadata (8.8 kB)
Collecting protobuf<7,>=3.20 (from streamlit->-r /mount/src/smarketer-pro/requirements.txt (line 2))
  Downloading protobuf-6.33.2-cp39-abi3-manylinux2014_x86_64.whl.metadata (593 bytes)
Collecting pyarrow>=7.0 (from streamlit->-r /mount/src/smarketer-pro/requirements.txt (line 2))
  Downloading pyarrow-22.0.0-cp313-cp313-manylinux_2_28_x86_64.whl.metadata (3.2 kB)
Collecting tenacity<10,>=8.1.0 (from streamlit->-r /mount/src/smarketer-pro/requirements.txt (line 2))
  Downloading tenacity-9.1.2-py3-none-any.whl.metadata (1.2 kB)
Collecting toml<2,>=0.10.1 (from streamlit->-r /mount/src/smarketer-pro/requirements.txt (line 2))
  Downloading toml-0.10.2-py2.py3-none-any.whl.metadata (7.1 kB)
Collecting typing-extensions<5,>=4.4.0 (from streamlit->-r /mount/src/smarketer-pro/requirements.txt (line 2))
  Downloading typing_extensions-4.15.0-py3-none-any.whl.metadata (3.3 kB)
Collecting watchdog<7,>=2.1.5 (from streamlit->-r /mount/src/smarketer-pro/requirements.txt (line 2))
  Downloading watchdog-6.0.0-py3-none-manylinux2014_x86_64.whl.metadata (44 kB)
     ‚îÅ‚îÅ‚îÅ‚îÅ‚îÅ‚îÅ‚îÅ‚îÅ‚îÅ‚îÅ‚îÅ‚îÅ‚îÅ‚îÅ‚îÅ‚îÅ‚îÅ‚îÅ‚îÅ‚îÅ‚îÅ‚îÅ‚îÅ‚îÅ‚îÅ‚îÅ‚îÅ‚îÅ‚îÅ‚îÅ‚îÅ‚îÅ‚îÅ‚îÅ‚îÅ‚îÅ‚îÅ‚îÅ‚îÅ 44.3/44.3 kB 139.7 MB/s eta 0:00:00[2026-01-09 22:08:46.249242] 
Collecting gitpython!=3.1.19,<4,>=3.0.7 (from streamlit->-r /mount/src/smarketer-pro/requirements.txt (line 2))
  Downloading gitpython-3.1.46-py3-none-any.whl.metadata (13 kB)
Collecting pydeck<1,>=0.8.0b4 (from streamlit->-r /mount/src/smarketer-pro/requirements.txt (line 2))
  Downloading pydeck-0.9.1-py2.py3-none-any.whl.metadata (4.1 kB)
Collecting tornado!=6.5.0,<7,>=6.0.3 (from streamlit->-r /mount/src/smarketer-pro/requirements.txt (line 2))
  Downloading tornado-6.5.4-cp39-abi3-manylinux_2_5_x86_64.manylinux1_x86_64.manylinux_2_17_x86_64.manylinux2014_x86_64.whl.metadata (2.8 kB)
Collecting python-dateutil>=2.8.2 (from pandas->-r /mount/src/smarketer-pro/requirements.txt (line 4))
  Downloading python_dateutil-2.9.0.post0-py2.py3-none-any.whl.metadata (8.4 kB)
Collecting pytz>=2020.1 (from pandas->-r /mount/src/smarketer-pro/requirements.txt (line 4))
  Downloading pytz-2025.2-py2.py3-none-any.whl.metadata (22 kB)
Collecting tzdata>=2022.7 (from pandas->-r /mount/src/smarketer-pro/requirements.txt (line 4))
  Downloading tzdata-2025.3-py2.py3-none-any.whl.metadata (1.4 kB)
Collecting soupsieve>=1.6.1 (from beautifulsoup4->-r /mount/src/smarketer-pro/requirements.txt (line 5))
  Downloading soupsieve-2.8.1-py3-none-any.whl.metadata (4.6 kB)
Collecting aiohappyeyeballs>=2.5.0 (from aiohttp->-r /mount/src/smarketer-pro/requirements.txt (line 8))
  Downloading aiohappyeyeballs-2.6.1-py3-none-any.whl.metadata (5.9 kB)
Collecting aiosignal>=1.4.0 (from aiohttp->-r /mount/src/smarketer-pro/requirements.txt (line 8))
  Downloading aiosignal-1.4.0-py3-none-any.whl.metadata (3.7 kB)
Collecting attrs>=17.3.0 (from aiohttp->-r /mount/src/smarketer-pro/requirements.txt (line 8))
  Downloading attrs-25.4.0-py3-none-any.whl.metadata (10 kB)
Collecting frozenlist>=1.1.1 (from aiohttp->-r /mount/src/smarketer-pro/requirements.txt (line 8))
  Downloading frozenlist-1.8.0-cp313-cp313-manylinux1_x86_64.manylinux_2_28_x86_64.manylinux_2_5_x86_64.whl.metadata (20 kB)
Collecting multidict<7.0,>=4.5 (from aiohttp->-r /mount/src/smarketer-pro/requirements.txt (line 8))
‚îÄ‚îÄ‚îÄ‚îÄ‚îÄ‚îÄ‚îÄ‚îÄ‚îÄ‚îÄ‚îÄ‚îÄ‚îÄ‚îÄ‚îÄ‚îÄ‚îÄ‚îÄ‚îÄ‚îÄ‚îÄ‚îÄ Traceback (most recent call last) ‚îÄ‚îÄ‚îÄ‚îÄ‚îÄ‚îÄ‚îÄ‚îÄ‚îÄ‚îÄ‚îÄ‚îÄ‚îÄ‚îÄ‚îÄ‚îÄ‚îÄ‚îÄ‚îÄ‚îÄ‚îÄ‚îÄ‚îÄ
  /home/adminuser/venv/lib/python3.13/site-packages/streamlit/runtime/scriptru  
  nner/exec_code.py:129 in exec_func_with_error_handling                        
                                                                                
  /home/adminuser/venv/lib/python3.13/site-packages/streamlit/runtime/scriptru  
  nner/script_runner.py:671 in code_to_exec                                     
                                                                                
  /mount/src/smarketer-pro/b2b_outreach_tool/src/app.py:11 in <module>          
                                                                                
       8 import subprocess                                                      
       9 import platform                                                        
      10 from datetime import datetime                                          
  ‚ù±   11 from dotenv import load_dotenv                                         
      12 import psutil                                                          
      13 import json                                                            
      14 from utils.logger_service import start_global_logging                  
‚îÄ‚îÄ‚îÄ‚îÄ‚îÄ‚îÄ‚îÄ‚îÄ‚îÄ‚îÄ‚îÄ‚îÄ‚îÄ‚îÄ‚îÄ‚îÄ‚îÄ‚îÄ‚îÄ‚îÄ‚îÄ‚îÄ‚îÄ‚îÄ‚îÄ‚îÄ‚îÄ‚îÄ‚îÄ‚îÄ‚îÄ‚îÄ‚îÄ‚îÄ‚îÄ‚îÄ‚îÄ‚îÄ‚îÄ‚îÄ‚îÄ‚îÄ‚îÄ‚îÄ‚îÄ‚îÄ‚îÄ‚îÄ‚îÄ‚îÄ‚îÄ‚îÄ‚îÄ‚îÄ‚îÄ‚îÄ‚îÄ‚îÄ‚îÄ‚îÄ‚îÄ‚îÄ‚îÄ‚îÄ‚îÄ‚îÄ‚îÄ‚îÄ‚îÄ‚îÄ‚îÄ‚îÄ‚îÄ‚îÄ‚îÄ‚îÄ‚îÄ‚îÄ‚îÄ‚îÄ
ModuleNotFoundError: No module named 'dotenv'
  Downloading multidict-6.7.0-cp313-cp313-manylinux2014_x86_64.manylinux_2_17_x86_64.manylinux_2_28_x86_64.whl.metadata (5.3 kB)
Collecting propcache>=0.2.0 (from aiohttp->-r /mount/src/smarketer-pro/requirements.txt (line 8))
  Downloading propcache-0.4.1-cp313-cp313-manylinux2014_x86_64.manylinux_2_17_x86_64.manylinux_2_28_x86_64.whl.metadata (13 kB)
‚îÄ‚îÄ‚îÄ‚îÄ‚îÄ‚îÄ‚îÄ‚îÄ‚îÄ‚îÄ‚îÄ‚îÄ‚îÄ‚îÄ‚îÄ‚îÄ‚îÄ‚îÄ‚îÄ‚îÄ‚îÄ‚îÄ Traceback (most recent call last) ‚îÄ‚îÄ‚îÄ‚îÄ‚îÄ‚îÄ‚îÄ‚îÄ‚îÄ‚îÄ‚îÄ‚îÄ‚îÄ‚îÄ‚îÄ‚îÄ‚îÄ‚îÄ‚îÄ‚îÄ‚îÄ‚îÄ‚îÄ
  /home/adminuser/venv/lib/python3.13/site-packages/streamlit/runtime/scriptru  
  nner/exec_code.py:129 in exec_func_with_error_handling                        
                                                                                
  /home/adminuser/venv/lib/python3.13/site-packages/streamlit/runtime/scriptru  
  nner/script_runner.py:671 in code_to_exec                                     
                                                                                
  /mount/src/smarketer-pro/b2b_outreach_tool/src/app.py:11 in <module>          
                                                                                
       8 import subprocess                                                      
       9 import platform                                                        
      10 from datetime import datetime                                          
  ‚ù±   11 from dotenv import load_dotenv                                         
      12 import psutil                                                          
      13 import json                                                            
      14 from utils.logger_service import start_global_logging                  
‚îÄ‚îÄ‚îÄ‚îÄ‚îÄ‚îÄ‚îÄ‚îÄ‚îÄ‚îÄ‚îÄ‚îÄ‚îÄ‚îÄ‚îÄ‚îÄ‚îÄ‚îÄ‚îÄ‚îÄ‚îÄ‚îÄ‚îÄ‚îÄ‚îÄ‚îÄ‚îÄ‚îÄ‚îÄ‚îÄ‚îÄ‚îÄ‚îÄ‚îÄ‚îÄ‚îÄ‚îÄ‚îÄ‚îÄ‚îÄ‚îÄ‚îÄ‚îÄ‚îÄ‚îÄ‚îÄ‚îÄ‚îÄ‚îÄ‚îÄ‚îÄ‚îÄ‚îÄ‚îÄ‚îÄ‚îÄ‚îÄ‚îÄ‚îÄ‚îÄ‚îÄ‚îÄ‚îÄ‚îÄ‚îÄ‚îÄ‚îÄ‚îÄ‚îÄ‚îÄ‚îÄ‚îÄ‚îÄ‚îÄ‚îÄ‚îÄ‚îÄ‚îÄ‚îÄ‚îÄ
ModuleNotFoundError: No module named 'dotenv'
2026-01-09 22:08:47.501 503 GET /script-health-check (127.0.0.1) 244.55ms
Collecting yarl<2.0,>=1.17.0 (from aiohttp->-r /mount/src/smarketer-pro/requirements.txt (line 8))
  Downloading yarl-1.22.0-cp313-cp313-manylinux2014_x86_64.manylinux_2_17_x86_64.manylinux_2_28_x86_64.whl.metadata (75 kB)
     ‚îÅ‚îÅ‚îÅ‚îÅ‚îÅ‚îÅ‚îÅ‚îÅ‚îÅ‚îÅ‚îÅ‚îÅ‚îÅ‚îÅ‚îÅ‚îÅ‚îÅ‚îÅ‚îÅ‚îÅ‚îÅ‚îÅ‚îÅ‚îÅ‚îÅ‚îÅ‚îÅ‚îÅ‚îÅ‚îÅ‚îÅ‚îÅ‚îÅ‚îÅ‚îÅ‚îÅ‚îÅ‚îÅ‚îÅ 75.1/75.1 kB 136.3 MB/s eta 0:00:00[2026-01-09 22:08:47.887529] 
Collecting pycares<5,>=4.9.0 (from aiodns->-r /mount/src/smarketer-pro/requirements.txt (line 9))
  Downloading pycares-4.11.0-cp313-cp313-manylinux_2_28_x86_64.whl.metadata (4.5 kB)
Collecting itsdangerous>=2.2.0 (from flask->-r /mount/src/smarketer-pro/requirements.txt (line 10))
  Downloading itsdangerous-2.2.0-py3-none-any.whl.metadata (1.9 kB)
Collecting jinja2>=3.1.2 (from flask->-r /mount/src/smarketer-pro/requirements.txt (line 10))
  Downloading jinja2-3.1.6-py3-none-any.whl.metadata (2.9 kB)
Collecting markupsafe>=2.1.1 (from flask->-r /mount/src/smarketer-pro/requirements.txt (line 10))
  Downloading markupsafe-3.0.3-cp313-cp313-manylinux2014_x86_64.manylinux_2_17_x86_64.manylinux_2_28_x86_64.whl.metadata (2.7 kB)
Collecting werkzeug>=3.1.0 (from flask->-r /mount/src/smarketer-pro/requirements.txt (line 10))
  Downloading werkzeug-3.1.5-py3-none-any.whl.metadata (4.0 kB)
Collecting pyee<14,>=13 (from playwright->-r /mount/src/smarketer-pro/requirements.txt (line 11))
  Downloading pyee-13.0.0-py3-none-any.whl.metadata (2.9 kB)
Collecting greenlet<4.0.0,>=3.1.1 (from playwright->-r /mount/src/smarketer-pro/requirements.txt (line 11))
  Downloading greenlet-3.3.0-cp313-cp313-manylinux_2_24_x86_64.manylinux_2_28_x86_64.whl.metadata (4.1 kB)
Collecting more-itertools (from openai-whisper->-r /mount/src/smarketer-pro/requirements.txt (line 12))
  Downloading more_itertools-10.8.0-py3-none-any.whl.metadata (39 kB)
Collecting numba (from openai-whisper->-r /mount/src/smarketer-pro/requirements.txt (line 12))
  Downloading numba-0.63.1-cp313-cp313-manylinux2014_x86_64.manylinux_2_17_x86_64.whl.metadata (2.9 kB)
Collecting tiktoken (from openai-whisper->-r /mount/src/smarketer-pro/requirements.txt (line 12))
  Downloading tiktoken-0.12.0-cp313-cp313-manylinux_2_28_x86_64.whl.metadata (6.7 kB)
Collecting tqdm (from openai-whisper->-r /mount/src/smarketer-pro/requirements.txt (line 12))
  Downloading tqdm-4.67.1-py3-none-any.whl.metadata (57 kB)
     ‚îÅ‚îÅ‚îÅ‚îÅ‚îÅ‚îÅ‚îÅ‚îÅ‚îÅ‚îÅ‚îÅ‚îÅ‚îÅ‚îÅ‚îÅ‚îÅ‚îÅ‚îÅ‚îÅ‚îÅ‚îÅ‚îÅ‚îÅ‚îÅ‚îÅ‚îÅ‚îÅ‚îÅ‚îÅ‚îÅ‚îÅ‚îÅ‚îÅ‚îÅ‚îÅ‚îÅ‚îÅ‚îÅ‚îÅ 57.7/57.7 kB 115.4 MB/s eta 0:00:00[2026-01-09 22:08:48.949684] 
Collecting triton>=2 (from openai-whisper->-r /mount/src/smarketer-pro/requirements.txt (line 12))
  Downloading triton-3.5.1-cp313-cp313-manylinux_2_27_x86_64.manylinux_2_28_x86_64.whl.metadata (1.7 kB)
Collecting filelock (from torch->-r /mount/src/smarketer-pro/requirements.txt (line 13))
  Downloading filelock-3.20.3-py3-none-any.whl.metadata (2.1 kB)
Collecting setuptools (from torch->-r /mount/src/smarketer-pro/requirements.txt (line 13))
  Downloading setuptools-80.9.0-py3-none-any.whl.metadata (6.6 kB)
Collecting sympy>=1.13.3 (from torch->-r /mount/src/smarketer-pro/requirements.txt (line 13))
  Downloading sympy-1.14.0-py3-none-any.whl.metadata (12 kB)
Collecting networkx>=2.5.1 (from torch->-r /mount/src/smarketer-pro/requirements.txt (line 13))
  Downloading networkx-3.6.1-py3-none-any.whl.metadata (6.8 kB)
Collecting fsspec>=0.8.5 (from torch->-r /mount/src/smarketer-pro/requirements.txt (line 13))
  Downloading fsspec-2026.1.0-py3-none-any.whl.metadata (10 kB)
Collecting nvidia-cuda-nvrtc-cu12==12.8.93 (from torch->-r /mount/src/smarketer-pro/requirements.txt (line 13))
  Downloading nvidia_cuda_nvrtc_cu12-12.8.93-py3-none-manylinux2010_x86_64.manylinux_2_12_x86_64.whl.metadata (1.7 kB)
Collecting nvidia-cuda-runtime-cu12==12.8.90 (from torch->-r /mount/src/smarketer-pro/requirements.txt (line 13))
  Downloading nvidia_cuda_runtime_cu12-12.8.90-py3-none-manylinux2014_x86_64.manylinux_2_17_x86_64.whl.metadata (1.7 kB)
Collecting nvidia-cuda-cupti-cu12==12.8.90 (from torch->-r /mount/src/smarketer-pro/requirements.txt (line 13))
  Downloading nvidia_cuda_cupti_cu12-12.8.90-py3-none-manylinux2014_x86_64.manylinux_2_17_x86_64.whl.metadata (1.7 kB)
Collecting nvidia-cudnn-cu12==9.10.2.21 (from torch->-r /mount/src/smarketer-pro/requirements.txt (line 13))
  Downloading nvidia_cudnn_cu12-9.10.2.21-py3-none-manylinux_2_27_x86_64.whl.metadata (1.8 kB)
Collecting nvidia-cublas-cu12==12.8.4.1 (from torch->-r /mount/src/smarketer-pro/requirements.txt (line 13))
  Downloading nvidia_cublas_cu12-12.8.4.1-py3-none-manylinux_2_27_x86_64.whl.metadata (1.7 kB)
Collecting nvidia-cufft-cu12==11.3.3.83 (from torch->-r /mount/src/smarketer-pro/requirements.txt (line 13))
  Downloading nvidia_cufft_cu12-11.3.3.83-py3-none-manylinux2014_x86_64.manylinux_2_17_x86_64.whl.metadata (1.7 kB)
Collecting nvidia-curand-cu12==10.3.9.90 (from torch->-r /mount/src/smarketer-pro/requirements.txt (line 13))
  Downloading nvidia_curand_cu12-10.3.9.90-py3-none-manylinux_2_27_x86_64.whl.metadata (1.7 kB)
Collecting nvidia-cusolver-cu12==11.7.3.90 (from torch->-r /mount/src/smarketer-pro/requirements.txt (line 13))
  Downloading nvidia_cusolver_cu12-11.7.3.90-py3-none-manylinux_2_27_x86_64.whl.metadata (1.8 kB)
Collecting nvidia-cusparse-cu12==12.5.8.93 (from torch->-r /mount/src/smarketer-pro/requirements.txt (line 13))
  Downloading nvidia_cusparse_cu12-12.5.8.93-py3-none-manylinux2014_x86_64.manylinux_2_17_x86_64.whl.metadata (1.8 kB)
Collecting nvidia-cusparselt-cu12==0.7.1 (from torch->-r /mount/src/smarketer-pro/requirements.txt (line 13))
  Downloading nvidia_cusparselt_cu12-0.7.1-py3-none-manylinux2014_x86_64.whl.metadata (7.0 kB)
Collecting nvidia-nccl-cu12==2.27.5 (from torch->-r /mount/src/smarketer-pro/requirements.txt (line 13))
  Downloading nvidia_nccl_cu12-2.27.5-py3-none-manylinux2014_x86_64.manylinux_2_17_x86_64.whl.metadata (2.0 kB)
Collecting nvidia-nvshmem-cu12==3.3.20 (from torch->-r /mount/src/smarketer-pro/requirements.txt (line 13))
  Downloading nvidia_nvshmem_cu12-3.3.20-py3-none-manylinux2014_x86_64.manylinux_2_17_x86_64.whl.metadata (2.1 kB)
Collecting nvidia-nvtx-cu12==12.8.90 (from torch->-r /mount/src/smarketer-pro/requirements.txt (line 13))
  Downloading nvidia_nvtx_cu12-12.8.90-py3-none-manylinux2014_x86_64.manylinux_2_17_x86_64.whl.metadata (1.8 kB)
Collecting nvidia-nvjitlink-cu12==12.8.93 (from torch->-r /mount/src/smarketer-pro/requirements.txt (line 13))
  Downloading nvidia_nvjitlink_cu12-12.8.93-py3-none-manylinux2010_x86_64.manylinux_2_12_x86_64.whl.metadata (1.7 kB)
Collecting nvidia-cufile-cu12==1.13.1.3 (from torch->-r /mount/src/smarketer-pro/requirements.txt (line 13))
  Downloading nvidia_cufile_cu12-1.13.1.3-py3-none-manylinux2014_x86_64.manylinux_2_17_x86_64.whl.metadata (1.7 kB)
Collecting future (from ffmpeg-python->-r /mount/src/smarketer-pro/requirements.txt (line 14))
  Downloading future-1.0.0-py3-none-any.whl.metadata (4.0 kB)
Collecting defusedxml (from fpdf2->-r /mount/src/smarketer-pro/requirements.txt (line 15))
  Downloading defusedxml-0.7.1-py2.py3-none-any.whl.metadata (32 kB)
Collecting fonttools>=4.34.0 (from fpdf2->-r /mount/src/smarketer-pro/requirements.txt (line 15))
  Downloading fonttools-4.61.1-cp313-cp313-manylinux1_x86_64.manylinux2014_x86_64.manylinux_2_17_x86_64.manylinux_2_5_x86_64.whl.metadata (114 kB)
     ‚îÅ‚îÅ‚îÅ‚îÅ‚îÅ‚îÅ‚îÅ‚îÅ‚îÅ‚îÅ‚îÅ‚îÅ‚îÅ‚îÅ‚îÅ‚îÅ‚îÅ‚îÅ‚îÅ‚îÅ‚îÅ‚îÅ‚îÅ‚îÅ‚îÅ‚îÅ‚îÅ‚îÅ‚îÅ‚îÅ‚îÅ‚îÅ‚îÅ‚îÅ‚îÅ‚îÅ‚îÅ 114.2/114.2 kB 189.4 MB/s eta 0:00:00[2026-01-09 22:08:50.537660] 
Collecting jsonschema>=3.0 (from altair!=5.4.0,!=5.4.1,<7,>=4.0->streamlit->-r /mount/src/smarketer-pro/requirements.txt (line 2))
  Downloading jsonschema-4.26.0-py3-none-any.whl.metadata (7.6 kB)
Collecting narwhals>=1.27.1 (from altair!=5.4.0,!=5.4.1,<7,>=4.0->streamlit->-r /mount/src/smarketer-pro/requirements.txt (line 2))
  Downloading narwhals-2.15.0-py3-none-any.whl.metadata (13 kB)
Collecting gitdb<5,>=4.0.1 (from gitpython!=3.1.19,<4,>=3.0.7->streamlit->-r /mount/src/smarketer-pro/requirements.txt (line 2))
  Downloading gitdb-4.0.12-py3-none-any.whl.metadata (1.2 kB)
Collecting cffi>=1.5.0 (from pycares<5,>=4.9.0->aiodns->-r /mount/src/smarketer-pro/requirements.txt (line 9))
  Downloading cffi-2.0.0-cp313-cp313-manylinux2014_x86_64.manylinux_2_17_x86_64.whl.metadata (2.6 kB)
Collecting six>=1.5 (from python-dateutil>=2.8.2->pandas->-r /mount/src/smarketer-pro/requirements.txt (line 4))
  Downloading six-1.17.0-py2.py3-none-any.whl.metadata (1.7 kB)
Collecting mpmath<1.4,>=1.1.0 (from sympy>=1.13.3->torch->-r /mount/src/smarketer-pro/requirements.txt (line 13))
  Downloading mpmath-1.3.0-py3-none-any.whl.metadata (8.6 kB)
Collecting llvmlite<0.47,>=0.46.0dev0 (from numba->openai-whisper->-r /mount/src/smarketer-pro/requirements.txt (line 12))
  Downloading llvmlite-0.46.0-cp313-cp313-manylinux2014_x86_64.manylinux_2_17_x86_64.whl.metadata (5.0 kB)
Collecting numpy<3,>=1.23 (from streamlit->-r /mount/src/smarketer-pro/requirements.txt (line 2))
  Downloading numpy-2.3.5-cp313-cp313-manylinux_2_27_x86_64.manylinux_2_28_x86_64.whl.metadata (62 kB)
     ‚îÅ‚îÅ‚îÅ‚îÅ‚îÅ‚îÅ‚îÅ‚îÅ‚îÅ‚îÅ‚îÅ‚îÅ‚îÅ‚îÅ‚îÅ‚îÅ‚îÅ‚îÅ‚îÅ‚îÅ‚îÅ‚îÅ‚îÅ‚îÅ‚îÅ‚îÅ‚îÅ‚îÅ‚îÅ‚îÅ‚îÅ‚îÅ‚îÅ‚îÅ‚îÅ‚îÅ‚îÅ‚îÅ‚îÅ 62.1/62.1 kB 138.3 MB/s eta 0:00:00[2026-01-09 22:08:51.862512] 
‚îÄ‚îÄ‚îÄ‚îÄ‚îÄ‚îÄ‚îÄ‚îÄ‚îÄ‚îÄ‚îÄ‚îÄ‚îÄ‚îÄ‚îÄ‚îÄ‚îÄ‚îÄ‚îÄ‚îÄ‚îÄ‚îÄ Traceback (most recent call last) ‚îÄ‚îÄ‚îÄ‚îÄ‚îÄ‚îÄ‚îÄ‚îÄ‚îÄ‚îÄ‚îÄ‚îÄ‚îÄ‚îÄ‚îÄ‚îÄ‚îÄ‚îÄ‚îÄ‚îÄ‚îÄ‚îÄ‚îÄ
  /home/adminuser/venv/lib/python3.13/site-packages/streamlit/runtime/scriptru  
  nner/exec_code.py:129 in exec_func_with_error_handling                        
                                                                                
  /home/adminuser/venv/lib/python3.13/site-packages/streamlit/runtime/scriptru  
  nner/script_runner.py:671 in code_to_exec                                     
                                                                                
  /mount/src/smarketer-pro/b2b_outreach_tool/src/app.py:11 in <module>          
                                                                                
       8 import subprocess                                                      
       9 import platform                                                        
      10 from datetime import datetime                                          
  ‚ù±   11 from dotenv import load_dotenv                                         
      12 import psutil                                                          
      13 import json                                                            
      14 from utils.logger_service import start_global_logging                  
‚îÄ‚îÄ‚îÄ‚îÄ‚îÄ‚îÄ‚îÄ‚îÄ‚îÄ‚îÄ‚îÄ‚îÄ‚îÄ‚îÄ‚îÄ‚îÄ‚îÄ‚îÄ‚îÄ‚îÄ‚îÄ‚îÄ‚îÄ‚îÄ‚îÄ‚îÄ‚îÄ‚îÄ‚îÄ‚îÄ‚îÄ‚îÄ‚îÄ‚îÄ‚îÄ‚îÄ‚îÄ‚îÄ‚îÄ‚îÄ‚îÄ‚îÄ‚îÄ‚îÄ‚îÄ‚îÄ‚îÄ‚îÄ‚îÄ‚îÄ‚îÄ‚îÄ‚îÄ‚îÄ‚îÄ‚îÄ‚îÄ‚îÄ‚îÄ‚îÄ‚îÄ‚îÄ‚îÄ‚îÄ‚îÄ‚îÄ‚îÄ‚îÄ‚îÄ‚îÄ‚îÄ‚îÄ‚îÄ‚îÄ‚îÄ‚îÄ‚îÄ‚îÄ‚îÄ‚îÄ
ModuleNotFoundError: No module named 'dotenv'
Collecting regex>=2022.1.18 (from tiktoken->openai-whisper->-r /mount/src/smarketer-pro/requirements.txt (line 12))
  Downloading regex-2025.11.3-cp313-cp313-manylinux2014_x86_64.manylinux_2_17_x86_64.manylinux_2_28_x86_64.whl.metadata (40 kB)
     ‚îÅ‚îÅ‚îÅ‚îÅ‚îÅ‚îÅ‚îÅ‚îÅ‚îÅ‚îÅ‚îÅ‚îÅ‚îÅ‚îÅ‚îÅ‚îÅ‚îÅ‚îÅ‚îÅ‚îÅ‚îÅ‚îÅ‚îÅ‚îÅ‚îÅ‚îÅ‚îÅ‚îÅ‚îÅ‚îÅ‚îÅ‚îÅ‚îÅ‚îÅ‚îÅ‚îÅ‚îÅ‚îÅ‚îÅ 40.5/40.5 kB 112.3 MB/s eta 0:00:00[2026-01-09 22:08:52.471346] 
Collecting pycparser (from cffi>=1.5.0->pycares<5,>=4.9.0->aiodns->-r /mount/src/smarketer-pro/requirements.txt (line 9))
  Downloading pycparser-2.23-py3-none-any.whl.metadata (993 bytes)
2026-01-09 22:08:52.602 503 GET /script-health-check (127.0.0.1) 321.29ms
Collecting smmap<6,>=3.0.1 (from gitdb<5,>=4.0.1->gitpython!=3.1.19,<4,>=3.0.7->streamlit->-r /mount/src/smarketer-pro/requirements.txt (line 2))
  Downloading smmap-5.0.2-py3-none-any.whl.metadata (4.3 kB)
Collecting jsonschema-specifications>=2023.03.6 (from jsonschema>=3.0->altair!=5.4.0,!=5.4.1,<7,>=4.0->streamlit->-r /mount/src/smarketer-pro/requirements.txt (line 2))
  Downloading jsonschema_specifications-2025.9.1-py3-none-any.whl.metadata (2.9 kB)
Collecting referencing>=0.28.4 (from jsonschema>=3.0->altair!=5.4.0,!=5.4.1,<7,>=4.0->streamlit->-r /mount/src/smarketer-pro/requirements.txt (line 2))
  Downloading referencing-0.37.0-py3-none-any.whl.metadata (2.8 kB)
Collecting rpds-py>=0.25.0 (from jsonschema>=3.0->altair!=5.4.0,!=5.4.1,<7,>=4.0->streamlit->-r /mount/src/smarketer-pro/requirements.txt (line 2))
  Downloading rpds_py-0.30.0-cp313-cp313-manylinux_2_17_x86_64.manylinux2014_x86_64.whl.metadata (4.1 kB)
Downloading requests-2.32.5-py3-none-any.whl (64 kB)
   ‚îÅ‚îÅ‚îÅ‚îÅ‚îÅ‚îÅ‚îÅ‚îÅ‚îÅ‚îÅ‚îÅ‚îÅ‚îÅ‚îÅ‚îÅ‚îÅ‚îÅ‚îÅ‚îÅ‚îÅ‚îÅ‚îÅ‚îÅ‚îÅ‚îÅ‚îÅ‚îÅ‚îÅ‚îÅ‚îÅ‚îÅ‚îÅ‚îÅ‚îÅ‚îÅ‚îÅ‚îÅ‚îÅ‚îÅ‚îÅ 64.7/64.7 kB 150.9 MB/s eta 0:00:00[2026-01-09 22:08:53.457178] 
Downloading streamlit-1.52.2-py3-none-any.whl (9.0 MB)
   ‚îÅ‚îÅ‚îÅ‚îÅ‚îÅ‚îÅ‚îÅ‚îÅ‚îÅ‚îÅ‚îÅ‚îÅ‚îÅ‚îÅ‚îÅ‚îÅ‚îÅ‚îÅ‚îÅ‚îÅ‚îÅ‚îÅ‚îÅ‚îÅ‚îÅ‚îÅ‚îÅ‚îÅ‚îÅ‚îÅ‚îÅ‚îÅ‚îÅ‚îÅ‚îÅ‚îÅ‚îÅ‚îÅ‚îÅ‚îÅ 9.0/9.0 MB 186.7 MB/s eta 0:00:00[2026-01-09 22:08:53.517490] 
Downloading python_dotenv-1.2.1-py3-none-any.whl (21 kB)
Downloading pandas-2.3.3-cp313-cp313-manylinux_2_24_x86_64.manylinux_2_28_x86_64.whl (12.3 MB)
   ‚îÅ‚îÅ‚îÅ‚îÅ‚îÅ‚îÅ‚îÅ‚îÅ‚îÅ‚îÅ‚îÅ‚îÅ‚îÅ‚îÅ‚îÅ‚îÅ‚îÅ‚îÅ‚îÅ‚îÅ‚îÅ‚îÅ‚îÅ‚îÅ‚îÅ‚îÅ‚îÅ‚îÅ‚îÅ‚îÅ‚îÅ‚îÅ‚îÅ‚îÅ‚îÅ‚îÅ‚îÅ‚îÅ‚îÅ‚îÅ 12.3/12.3 MB 189.0 MB/s eta 0:00:00[2026-01-09 22:08:53.603006] 
Downloading beautifulsoup4-4.14.3-py3-none-any.whl (107 kB)
   ‚îÅ‚îÅ‚îÅ‚îÅ‚îÅ‚îÅ‚îÅ‚îÅ‚îÅ‚îÅ‚îÅ‚îÅ‚îÅ‚îÅ‚îÅ‚îÅ‚îÅ‚îÅ‚îÅ‚îÅ‚îÅ‚îÅ‚îÅ‚îÅ‚îÅ‚îÅ‚îÅ‚îÅ‚îÅ‚îÅ‚îÅ‚îÅ‚îÅ‚îÅ‚îÅ‚îÅ‚îÅ‚îÅ‚îÅ 107.7/107.7 kB 169.4 MB/s eta 0:00:00[2026-01-09 22:08:53.614818] 
Downloading lxml-6.0.2-cp313-cp313-manylinux_2_26_x86_64.manylinux_2_28_x86_64.whl (5.2 MB)
   ‚îÅ‚îÅ‚îÅ‚îÅ‚îÅ‚îÅ‚îÅ‚îÅ‚îÅ‚îÅ‚îÅ‚îÅ‚îÅ‚îÅ‚îÅ‚îÅ‚îÅ‚îÅ‚îÅ‚îÅ‚îÅ‚îÅ‚îÅ‚îÅ‚îÅ‚îÅ‚îÅ‚îÅ‚îÅ‚îÅ‚îÅ‚îÅ‚îÅ‚îÅ‚îÅ‚îÅ‚îÅ‚îÅ‚îÅ‚îÅ 5.2/5.2 MB 195.9 MB/s eta 0:00:00[2026-01-09 22:08:53.661377] 
Downloading pyyaml-6.0.3-cp313-cp313-manylinux2014_x86_64.manylinux_2_17_x86_64.manylinux_2_28_x86_64.whl (801 kB)
   ‚îÅ‚îÅ‚îÅ‚îÅ‚îÅ‚îÅ‚îÅ‚îÅ‚îÅ‚îÅ‚îÅ‚îÅ‚îÅ‚îÅ‚îÅ‚îÅ‚îÅ‚îÅ‚îÅ‚îÅ‚îÅ‚îÅ‚îÅ‚îÅ‚îÅ‚îÅ‚îÅ‚îÅ‚îÅ‚îÅ‚îÅ‚îÅ‚îÅ‚îÅ‚îÅ‚îÅ‚îÅ‚îÅ‚îÅ 801.6/801.6 kB 225.2 MB/s eta 0:00:00[2026-01-09 22:08:53.677167] 
Downloading aiohttp-3.13.3-cp313-cp313-manylinux2014_x86_64.manylinux_2_17_x86_64.manylinux_2_28_x86_64.whl (1.7 MB)
   ‚îÅ‚îÅ‚îÅ‚îÅ‚îÅ‚îÅ‚îÅ‚îÅ‚îÅ‚îÅ‚îÅ‚îÅ‚îÅ‚îÅ‚îÅ‚îÅ‚îÅ‚îÅ‚îÅ‚îÅ‚îÅ‚îÅ‚îÅ‚îÅ‚îÅ‚îÅ‚îÅ‚îÅ‚îÅ‚îÅ‚îÅ‚îÅ‚îÅ‚îÅ‚îÅ‚îÅ‚îÅ‚îÅ‚îÅ‚îÅ 1.7/1.7 MB 186.2 MB/s eta 0:00:00[2026-01-09 22:08:53.698880] 
Downloading aiodns-3.6.1-py3-none-any.whl (8.0 kB)
Downloading flask-3.1.2-py3-none-any.whl (103 kB)
   ‚îÅ‚îÅ‚îÅ‚îÅ‚îÅ‚îÅ‚îÅ‚îÅ‚îÅ‚îÅ‚îÅ‚îÅ‚îÅ‚îÅ‚îÅ‚îÅ‚îÅ‚îÅ‚îÅ‚îÅ‚îÅ‚îÅ‚îÅ‚îÅ‚îÅ‚îÅ‚îÅ‚îÅ‚îÅ‚îÅ‚îÅ‚îÅ‚îÅ‚îÅ‚îÅ‚îÅ‚îÅ‚îÅ‚îÅ 103.3/103.3 kB 201.9 MB/s eta 0:00:00[2026-01-09 22:08:53.720118] 
Downloading playwright-1.57.0-py3-none-manylinux1_x86_64.whl (46.0 MB)
   ‚îÅ‚îÅ‚îÅ‚îÅ‚îÅ‚îÅ‚îÅ‚îÅ‚îÅ‚îÅ‚îÅ‚îÅ‚îÅ‚îÅ‚îÅ‚îÅ‚îÅ‚îÅ‚îÅ‚îÅ‚îÅ‚îÅ‚îÅ‚îÅ‚îÅ‚îÅ‚îÅ‚îÅ‚îÅ‚îÅ‚îÅ‚îÅ‚îÅ‚îÅ‚îÅ‚îÅ‚îÅ‚îÅ‚îÅ‚îÅ 46.0/46.0 MB 185.6 MB/s eta 0:00:00[2026-01-09 22:08:54.097702] 
Downloading torch-2.9.1-cp313-cp313-manylinux_2_28_x86_64.whl (899.7 MB)
‚îÄ‚îÄ‚îÄ‚îÄ‚îÄ‚îÄ‚îÄ‚îÄ‚îÄ‚îÄ‚îÄ‚îÄ‚îÄ‚îÄ‚îÄ‚îÄ‚îÄ‚îÄ‚îÄ‚îÄ‚îÄ‚îÄ Traceback (most recent call last) ‚îÄ‚îÄ‚îÄ‚îÄ‚îÄ‚îÄ‚îÄ‚îÄ‚îÄ‚îÄ‚îÄ‚îÄ‚îÄ‚îÄ‚îÄ‚îÄ‚îÄ‚îÄ‚îÄ‚îÄ‚îÄ‚îÄ‚îÄ
  /home/adminuser/venv/lib/python3.13/site-packages/streamlit/runtime/scriptru  
  nner/exec_code.py:129 in exec_func_with_error_handling                        
                                                                                
  /home/adminuser/venv/lib/python3.13/site-packages/streamlit/runtime/scriptru  
  nner/script_runner.py:671 in code_to_exec                                     
                                                                                
  /mount/src/smarketer-pro/b2b_outreach_tool/src/app.py:11 in <module>          
                                                                                
       8 import subprocess                                                      
       9 import platform                                                        
      10 from datetime import datetime                                          
  ‚ù±   11 from dotenv import load_dotenv                                         
      12 import psutil                                                          
      13 import json                                                            
      14 from utils.logger_service import start_global_logging                  
‚îÄ‚îÄ‚îÄ‚îÄ‚îÄ‚îÄ‚îÄ‚îÄ‚îÄ‚îÄ‚îÄ‚îÄ‚îÄ‚îÄ‚îÄ‚îÄ‚îÄ‚îÄ‚îÄ‚îÄ‚îÄ‚îÄ‚îÄ‚îÄ‚îÄ‚îÄ‚îÄ‚îÄ‚îÄ‚îÄ‚îÄ‚îÄ‚îÄ‚îÄ‚îÄ‚îÄ‚îÄ‚îÄ‚îÄ‚îÄ‚îÄ‚îÄ‚îÄ‚îÄ‚îÄ‚îÄ‚îÄ‚îÄ‚îÄ‚îÄ‚îÄ‚îÄ‚îÄ‚îÄ‚îÄ‚îÄ‚îÄ‚îÄ‚îÄ‚îÄ‚îÄ‚îÄ‚îÄ‚îÄ‚îÄ‚îÄ‚îÄ‚îÄ‚îÄ‚îÄ‚îÄ‚îÄ‚îÄ‚îÄ‚îÄ‚îÄ‚îÄ‚îÄ‚îÄ‚îÄ
ModuleNotFoundError: No module named 'dotenv'
2026-01-09 22:08:57.499 503 GET /script-health-check (127.0.0.1) 256.03ms
   ‚îÅ‚îÅ‚îÅ‚îÅ‚îÅ‚îÅ‚îÅ‚îÅ‚îÅ‚îÅ‚îÅ‚îÅ‚îÅ‚îÅ‚îÅ‚îÅ‚îÅ‚îÅ‚îÅ‚îÅ‚îÅ‚îÅ‚îÅ‚îÅ‚îÅ‚îÅ‚îÅ‚îÅ‚îÅ‚îÅ‚îÅ‚îÅ‚îÅ‚îÅ‚îÅ‚îÅ‚îÅ‚îÅ‚îÅ‚îÅ 899.7/899.7 MB 82.5 MB/s eta 0:00:00[2026-01-09 22:09:00.890224] 
Downloading nvidia_cublas_cu12-12.8.4.1-py3-none-manylinux_2_27_x86_64.whl (594.3 MB)
‚îÄ‚îÄ‚îÄ‚îÄ‚îÄ‚îÄ‚îÄ‚îÄ‚îÄ‚îÄ‚îÄ‚îÄ‚îÄ‚îÄ‚îÄ‚îÄ‚îÄ‚îÄ‚îÄ‚îÄ‚îÄ‚îÄ Traceback (most recent call last) ‚îÄ‚îÄ‚îÄ‚îÄ‚îÄ‚îÄ‚îÄ‚îÄ‚îÄ‚îÄ‚îÄ‚îÄ‚îÄ‚îÄ‚îÄ‚îÄ‚îÄ‚îÄ‚îÄ‚îÄ‚îÄ‚îÄ‚îÄ
  /home/adminuser/venv/lib/python3.13/site-packages/streamlit/runtime/scriptru  
  nner/exec_code.py:129 in exec_func_with_error_handling                        
                                                                                
  /home/adminuser/venv/lib/python3.13/site-packages/streamlit/runtime/scriptru  
  nner/script_runner.py:671 in code_to_exec                                     
                                                                                
  /mount/src/smarketer-pro/b2b_outreach_tool/src/app.py:11 in <module>          
                                                                                
       8 import subprocess                                                      
       9 import platform                                                        
      10 from datetime import datetime                                          
  ‚ù±   11 from dotenv import load_dotenv                                         
      12 import psutil                                                          
      13 import json                                                            
      14 from utils.logger_service import start_global_logging                  
‚îÄ‚îÄ‚îÄ‚îÄ‚îÄ‚îÄ‚îÄ‚îÄ‚îÄ‚îÄ‚îÄ‚îÄ‚îÄ‚îÄ‚îÄ‚îÄ‚îÄ‚îÄ‚îÄ‚îÄ‚îÄ‚îÄ‚îÄ‚îÄ‚îÄ‚îÄ‚îÄ‚îÄ‚îÄ‚îÄ‚îÄ‚îÄ‚îÄ‚îÄ‚îÄ‚îÄ‚îÄ‚îÄ‚îÄ‚îÄ‚îÄ‚îÄ‚îÄ‚îÄ‚îÄ‚îÄ‚îÄ‚îÄ‚îÄ‚îÄ‚îÄ‚îÄ‚îÄ‚îÄ‚îÄ‚îÄ‚îÄ‚îÄ‚îÄ‚îÄ‚îÄ‚îÄ‚îÄ‚îÄ‚îÄ‚îÄ‚îÄ‚îÄ‚îÄ‚îÄ‚îÄ‚îÄ‚îÄ‚îÄ‚îÄ‚îÄ‚îÄ‚îÄ‚îÄ‚îÄ
ModuleNotFoundError: No module named 'dotenv'
2026-01-09 22:09:02.499 503 GET /script-health-check (127.0.0.1) 248.38ms